#-----------------------------------------------------------
# Vivado v2017.4 (64-bit)
# SW Build 2086221 on Fri Dec 15 20:55:39 MST 2017
# IP Build 2085800 on Fri Dec 15 22:25:07 MST 2017
# Start of session at: Thu May 12 11:23:20 2022
# Process ID: 11332
# Current directory: C:/Users/mertc/Desktop/BLG222E-Project1/BLG-Project1
# Command line: vivado.exe -gui_launcher_event rodinguilauncherevent2464 C:\Users\mertc\Desktop\BLG222E-Project1\BLG-Project1\BLG-Project1.xpr
# Log file: C:/Users/mertc/Desktop/BLG222E-Project1/BLG-Project1/vivado.log
# Journal file: C:/Users/mertc/Desktop/BLG222E-Project1/BLG-Project1\vivado.jou
#-----------------------------------------------------------
start_gui
open_project C:/Users/mertc/Desktop/BLG222E-Project1/BLG-Project1/BLG-Project1.xpr
Scanning sources...
Finished scanning sources
INFO: [IP_Flow 19-234] Refreshing IP repositories
INFO: [IP_Flow 19-1704] No user IP repositories specified
INFO: [IP_Flow 19-2313] Loaded Vivado IP repository 'C:/Xilinx/Vivado/2017.4/data/ip'.
update_compile_order -fileset sources_1
exit
INFO: [Common 17-206] Exiting Vivado at Tue May 17 21:15:39 2022...
