#-----------------------------------------------------------
# Vivado v2017.4.1 (64-bit)
# SW Build 2117270 on Tue Jan 30 15:32:00 MST 2018
# IP Build 2095745 on Tue Jan 30 17:13:15 MST 2018
# Start of session at: Sat May 21 01:03:20 2022
# Process ID: 7588
# Current directory: C:/Users/mertc/Desktop/BLG222E-Project2/BLG-Project1
# Command line: vivado.exe -gui_launcher_event rodinguilauncherevent2876 C:\Users\mertc\Desktop\BLG222E-Project2\BLG-Project1\BLG-Project1.xpr
# Log file: C:/Users/mertc/Desktop/BLG222E-Project2/BLG-Project1/vivado.log
# Journal file: C:/Users/mertc/Desktop/BLG222E-Project2/BLG-Project1\vivado.jou
#-----------------------------------------------------------
start_gui
open_project C:/Users/mertc/Desktop/BLG222E-Project2/BLG-Project1/BLG-Project1.xpr
CRITICAL WARNING: [Project 1-19] Could not find the file 'C:/Users/mertc/Downloads/Project1_TestBench/RAM.mem'.
CRITICAL WARNING: [Project 1-19] Could not find the file 'C:/Users/mertc/Downloads/Project1_TestBench/TestBench.mem'.
Scanning sources...
Finished scanning sources
INFO: [IP_Flow 19-234] Refreshing IP repositories
INFO: [IP_Flow 19-1704] No user IP repositories specified
INFO: [IP_Flow 19-2313] Loaded Vivado IP repository 'D:/Vivado/2017.4/data/ip'.
update_compile_order -fileset sources_1
set_property top lasttest [get_filesets sim_1]
set_property top_lib xil_defaultlib [get_filesets sim_1]
add_files -norecurse C:/Users/mertc/Downloads/Project1_TestBenchl/RAM.mem
set_property SOURCE_SET sources_1 [get_filesets sim_1]
add_files -fileset sim_1 -norecurse C:/Users/mertc/Downloads/Project1_TestBenchl/TestBench.mem
launch_simulation
INFO: [Vivado 12-5682] Launching behavioral simulation in 'C:/Users/mertc/Desktop/BLG222E-Project2/BLG-Project1/BLG-Project1.sim/sim_1/behav/xsim'
INFO: [SIM-utils-51] Simulation object is 'sim_1'
INFO: [SIM-utils-54] Inspecting design source files for 'lasttest' in fileset 'sim_1'...
INFO: [SIM-utils-43] Exported 'C:/Users/mertc/Desktop/BLG222E-Project2/BLG-Project1/BLG-Project1.sim/sim_1/behav/xsim/RAM.mem'
INFO: [SIM-utils-43] Exported 'C:/Users/mertc/Desktop/BLG222E-Project2/BLG-Project1/BLG-Project1.sim/sim_1/behav/xsim/RAM.mem'
INFO: [SIM-utils-43] Exported 'C:/Users/mertc/Desktop/BLG222E-Project2/BLG-Project1/BLG-Project1.sim/sim_1/behav/xsim/TestBench.mem'
INFO: [SIM-utils-43] Exported 'C:/Users/mertc/Desktop/BLG222E-Project2/BLG-Project1/BLG-Project1.sim/sim_1/behav/xsim/TestBench.mem'
INFO: [SIM-utils-43] Exported 'C:/Users/mertc/Desktop/BLG222E-Project2/BLG-Project1/BLG-Project1.sim/sim_1/behav/xsim/TestBench.mem'
INFO: [SIM-utils-43] Exported 'C:/Users/mertc/Desktop/BLG222E-Project2/BLG-Project1/BLG-Project1.sim/sim_1/behav/xsim/TestBench.mem'
INFO: [USF-XSim-97] Finding global include files...
INFO: [USF-XSim-98] Fetching design files from 'sim_1'...
INFO: [USF-XSim-2] XSim::Compile design
INFO: [USF-XSim-61] Executing 'COMPILE and ANALYZE' step in 'C:/Users/mertc/Desktop/BLG222E-Project2/BLG-Project1/BLG-Project1.sim/sim_1/behav/xsim'
"xvlog --incr --relax -prj lasttest_vlog.prj"
INFO: [VRFC 10-2263] Analyzing Verilog file "C:/Users/mertc/Desktop/BLG222E-Project2/BLG-Project1/BLG-Project1.srcs/sources_1/new/designs.v" into library xil_defaultlib
INFO: [VRFC 10-311] analyzing module D_Latch
INFO: [VRFC 10-311] analyzing module D_Flip_Flop
INFO: [VRFC 10-311] analyzing module MUX2_1_4bit
INFO: [VRFC 10-311] analyzing module MUX2_1_8bit
INFO: [VRFC 10-311] analyzing module MUX4_1_8bit
INFO: [VRFC 10-311] analyzing module MUX16_4_8bit
INFO: [VRFC 10-311] analyzing module MUX2_1_16bit
INFO: [VRFC 10-311] analyzing module MUX2_1_1bit
INFO: [VRFC 10-311] analyzing module Full_Adder_1bit
INFO: [VRFC 10-311] analyzing module Adder_Substractor_4bit
INFO: [VRFC 10-311] analyzing module Adder_Substractor_8bit
INFO: [VRFC 10-311] analyzing module Adder_Substractor_16bit
INFO: [VRFC 10-311] analyzing module ZCNO_register
INFO: [VRFC 10-311] analyzing module PART1_8bit
INFO: [VRFC 10-311] analyzing module PART1_16bit
INFO: [VRFC 10-311] analyzing module PART2_a
INFO: [VRFC 10-311] analyzing module PART2_b
INFO: [VRFC 10-311] analyzing module PART2_c
INFO: [VRFC 10-311] analyzing module PART3
INFO: [VRFC 10-311] analyzing module Memory
INFO: [VRFC 10-311] analyzing module ALUSystem
INFO: [VRFC 10-311] analyzing module HardwiredControlUnit
INFO: [VRFC 10-2263] Analyzing Verilog file "C:/Users/mertc/Desktop/BLG222E-Project2/BLG-Project1/BLG-Project1.srcs/sim_1/new/simulations.v" into library xil_defaultlib
INFO: [VRFC 10-311] analyzing module part1_8bit_test
INFO: [VRFC 10-311] analyzing module part1_16bit_test
INFO: [VRFC 10-311] analyzing module PART2_a_test
INFO: [VRFC 10-311] analyzing module PART2_b_test
INFO: [VRFC 10-311] analyzing module PART2_c_test
INFO: [VRFC 10-311] analyzing module PART3_test
INFO: [VRFC 10-311] analyzing module Project1Test
INFO: [VRFC 10-311] analyzing module lasttest
INFO: [VRFC 10-2263] Analyzing Verilog file "C:/Users/mertc/Desktop/BLG222E-Project2/BLG-Project1/BLG-Project1.sim/sim_1/behav/xsim/glbl.v" into library xil_defaultlib
INFO: [VRFC 10-311] analyzing module glbl
INFO: [USF-XSim-69] 'compile' step finished in '1' seconds
INFO: [USF-XSim-3] XSim::Elaborate design
INFO: [USF-XSim-61] Executing 'ELABORATE' step in 'C:/Users/mertc/Desktop/BLG222E-Project2/BLG-Project1/BLG-Project1.sim/sim_1/behav/xsim'
Vivado Simulator 2017.4
Copyright 1986-1999, 2001-2016 Xilinx, Inc. All Rights Reserved.
Running: D:/Vivado/2017.4/bin/unwrapped/win64.o/xelab.exe -wto f97be7fe3a3244819be057ad0ade57cb --incr --debug typical --relax --mt 2 -L xil_defaultlib -L unisims_ver -L unimacro_ver -L secureip --snapshot lasttest_behav xil_defaultlib.lasttest xil_defaultlib.glbl -log elaborate.log 
Using 2 slave threads.
Starting static elaboration
Completed static elaboration
Starting simulation data flow analysis
Completed simulation data flow analysis
Time Resolution for simulation is 1ps
Compiling module xil_defaultlib.MUX2_1_8bit
Compiling module xil_defaultlib.Full_Adder_1bit
Compiling module xil_defaultlib.Adder_Substractor_8bit
Compiling module xil_defaultlib.D_Latch
Compiling module xil_defaultlib.D_Flip_Flop
Compiling module xil_defaultlib.PART1_8bit
Compiling module xil_defaultlib.MUX4_1_8bit
Compiling module xil_defaultlib.PART2_a
Compiling module xil_defaultlib.PART2_b
Compiling module xil_defaultlib.Memory
Compiling module xil_defaultlib.MUX2_1_16bit
Compiling module xil_defaultlib.Adder_Substractor_16bit
Compiling module xil_defaultlib.PART1_16bit
Compiling module xil_defaultlib.PART2_c
Compiling module xil_defaultlib.MUX2_1_1bit
Compiling module xil_defaultlib.MUX16_4_8bit
Compiling module xil_defaultlib.MUX2_1_4bit
Compiling module xil_defaultlib.Adder_Substractor_4bit
Compiling module xil_defaultlib.ZCNO_register
Compiling module xil_defaultlib.PART3
Compiling module xil_defaultlib.ALUSystem
Compiling module xil_defaultlib.HardwiredControlUnit
Compiling module xil_defaultlib.lasttest
Compiling module xil_defaultlib.glbl
Built simulation snapshot lasttest_behav

****** Webtalk v2017.4.1 (64-bit)
  **** SW Build 2117270 on Tue Jan 30 15:32:00 MST 2018
  **** IP Build 2095745 on Tue Jan 30 17:13:15 MST 2018
    ** Copyright 1986-2017 Xilinx, Inc. All Rights Reserved.

source C:/Users/mertc/Desktop/BLG222E-Project2/BLG-Project1/BLG-Project1.sim/sim_1/behav/xsim/xsim.dir/lasttest_behav/webtalk/xsim_webtalk.tcl -notrace
INFO: [Common 17-206] Exiting Webtalk at Sat May 21 02:29:38 2022...
run_program: Time (s): cpu = 00:00:01 ; elapsed = 00:00:05 . Memory (MB): peak = 779.750 ; gain = 0.000
INFO: [USF-XSim-69] 'elaborate' step finished in '5' seconds
INFO: [USF-XSim-4] XSim::Simulate design
INFO: [USF-XSim-61] Executing 'SIMULATE' step in 'C:/Users/mertc/Desktop/BLG222E-Project2/BLG-Project1/BLG-Project1.sim/sim_1/behav/xsim'
INFO: [USF-XSim-98] *** Running xsim
   with args "lasttest_behav -key {Behavioral:sim_1:Functional:lasttest} -tclbatch {lasttest.tcl} -log {simulate.log}"
INFO: [USF-XSim-8] Loading simulator feature
Vivado Simulator 2017.4
Time resolution is 1 ps
source lasttest.tcl
# set curr_wave [current_wave_config]
# if { [string length $curr_wave] == 0 } {
#   if { [llength [get_objects]] > 0} {
#     add_wave /
#     set_property needs_save false [current_wave_config]
#   } else {
#      send_msg_id Add_Wave-1 WARNING "No top level signals found. Simulator will start without a wave window. If you want to open a wave window go to 'File->New Waveform Configuration' or type 'create_wave_config' in the TCL console."
#   }
# }
# run 1000ns
INFO: [USF-XSim-96] XSim completed. Design snapshot 'lasttest_behav' loaded.
INFO: [USF-XSim-97] XSim simulation ran for 1000ns
launch_simulation: Time (s): cpu = 00:00:04 ; elapsed = 00:00:10 . Memory (MB): peak = 796.191 ; gain = 16.441
restart
INFO: [Simtcl 6-17] Simulation restarted
run 5 ns
run 5 ns
run 5 ns
run 5 ns
run 5 ns
run 5 ns
run 5 ns
run 5 ns
run 5 ns
run 5 ns
run 5 ns
run 5 ns
run 5 ns
run 5 ns
run 5 ns
run 5 ns
close_sim
INFO: [Simtcl 6-16] Simulation closed
launch_simulation
INFO: [Vivado 12-5682] Launching behavioral simulation in 'C:/Users/mertc/Desktop/BLG222E-Project2/BLG-Project1/BLG-Project1.sim/sim_1/behav/xsim'
INFO: [SIM-utils-51] Simulation object is 'sim_1'
INFO: [SIM-utils-54] Inspecting design source files for 'lasttest' in fileset 'sim_1'...
INFO: [SIM-utils-43] Exported 'C:/Users/mertc/Desktop/BLG222E-Project2/BLG-Project1/BLG-Project1.sim/sim_1/behav/xsim/RAM.mem'
INFO: [SIM-utils-43] Exported 'C:/Users/mertc/Desktop/BLG222E-Project2/BLG-Project1/BLG-Project1.sim/sim_1/behav/xsim/RAM.mem'
INFO: [SIM-utils-43] Exported 'C:/Users/mertc/Desktop/BLG222E-Project2/BLG-Project1/BLG-Project1.sim/sim_1/behav/xsim/TestBench.mem'
INFO: [SIM-utils-43] Exported 'C:/Users/mertc/Desktop/BLG222E-Project2/BLG-Project1/BLG-Project1.sim/sim_1/behav/xsim/TestBench.mem'
INFO: [SIM-utils-43] Exported 'C:/Users/mertc/Desktop/BLG222E-Project2/BLG-Project1/BLG-Project1.sim/sim_1/behav/xsim/TestBench.mem'
INFO: [SIM-utils-43] Exported 'C:/Users/mertc/Desktop/BLG222E-Project2/BLG-Project1/BLG-Project1.sim/sim_1/behav/xsim/TestBench.mem'
INFO: [USF-XSim-97] Finding global include files...
INFO: [USF-XSim-98] Fetching design files from 'sim_1'...
INFO: [USF-XSim-2] XSim::Compile design
INFO: [USF-XSim-61] Executing 'COMPILE and ANALYZE' step in 'C:/Users/mertc/Desktop/BLG222E-Project2/BLG-Project1/BLG-Project1.sim/sim_1/behav/xsim'
"xvlog --incr --relax -prj lasttest_vlog.prj"
INFO: [VRFC 10-2263] Analyzing Verilog file "C:/Users/mertc/Desktop/BLG222E-Project2/BLG-Project1/BLG-Project1.srcs/sources_1/new/designs.v" into library xil_defaultlib
INFO: [VRFC 10-311] analyzing module D_Latch
INFO: [VRFC 10-311] analyzing module D_Flip_Flop
INFO: [VRFC 10-311] analyzing module MUX2_1_4bit
INFO: [VRFC 10-311] analyzing module MUX2_1_8bit
INFO: [VRFC 10-311] analyzing module MUX4_1_8bit
INFO: [VRFC 10-311] analyzing module MUX16_4_8bit
INFO: [VRFC 10-311] analyzing module MUX2_1_16bit
INFO: [VRFC 10-311] analyzing module MUX2_1_1bit
INFO: [VRFC 10-311] analyzing module Full_Adder_1bit
INFO: [VRFC 10-311] analyzing module Adder_Substractor_4bit
INFO: [VRFC 10-311] analyzing module Adder_Substractor_8bit
INFO: [VRFC 10-311] analyzing module Adder_Substractor_16bit
INFO: [VRFC 10-311] analyzing module ZCNO_register
INFO: [VRFC 10-311] analyzing module PART1_8bit
INFO: [VRFC 10-311] analyzing module PART1_16bit
INFO: [VRFC 10-311] analyzing module PART2_a
INFO: [VRFC 10-311] analyzing module PART2_b
INFO: [VRFC 10-311] analyzing module PART2_c
INFO: [VRFC 10-311] analyzing module PART3
INFO: [VRFC 10-311] analyzing module Memory
INFO: [VRFC 10-311] analyzing module ALUSystem
INFO: [VRFC 10-311] analyzing module HardwiredControlUnit
INFO: [VRFC 10-2263] Analyzing Verilog file "C:/Users/mertc/Desktop/BLG222E-Project2/BLG-Project1/BLG-Project1.srcs/sim_1/new/simulations.v" into library xil_defaultlib
INFO: [VRFC 10-311] analyzing module part1_8bit_test
INFO: [VRFC 10-311] analyzing module part1_16bit_test
INFO: [VRFC 10-311] analyzing module PART2_a_test
INFO: [VRFC 10-311] analyzing module PART2_b_test
INFO: [VRFC 10-311] analyzing module PART2_c_test
INFO: [VRFC 10-311] analyzing module PART3_test
INFO: [VRFC 10-311] analyzing module Project1Test
INFO: [VRFC 10-311] analyzing module lasttest
INFO: [USF-XSim-69] 'compile' step finished in '1' seconds
INFO: [USF-XSim-3] XSim::Elaborate design
INFO: [USF-XSim-61] Executing 'ELABORATE' step in 'C:/Users/mertc/Desktop/BLG222E-Project2/BLG-Project1/BLG-Project1.sim/sim_1/behav/xsim'
Vivado Simulator 2017.4
Copyright 1986-1999, 2001-2016 Xilinx, Inc. All Rights Reserved.
Running: D:/Vivado/2017.4/bin/unwrapped/win64.o/xelab.exe -wto f97be7fe3a3244819be057ad0ade57cb --incr --debug typical --relax --mt 2 -L xil_defaultlib -L unisims_ver -L unimacro_ver -L secureip --snapshot lasttest_behav xil_defaultlib.lasttest xil_defaultlib.glbl -log elaborate.log 
Using 2 slave threads.
Starting static elaboration
ERROR: [VRFC 10-1280] procedural assignment to a non-register Address is not permitted, left-hand side should be reg/integer/time/genvar [C:/Users/mertc/Desktop/BLG222E-Project2/BLG-Project1/BLG-Project1.srcs/sources_1/new/designs.v:673]
ERROR: [XSIM 43-3322] Static elaboration of top level Verilog design unit(s) in library work failed.
INFO: [USF-XSim-69] 'elaborate' step finished in '1' seconds
INFO: [USF-XSim-99] Step results log file:'C:/Users/mertc/Desktop/BLG222E-Project2/BLG-Project1/BLG-Project1.sim/sim_1/behav/xsim/elaborate.log'
ERROR: [USF-XSim-62] 'elaborate' step failed with error(s). Please check the Tcl console output or 'C:/Users/mertc/Desktop/BLG222E-Project2/BLG-Project1/BLG-Project1.sim/sim_1/behav/xsim/elaborate.log' file for more information.
ERROR: [Vivado 12-4473] Detected error while running simulation. Please correct the issue and retry this operation.
ERROR: [Common 17-39] 'launch_simulation' failed due to earlier errors.
launch_simulation
INFO: [Vivado 12-5682] Launching behavioral simulation in 'C:/Users/mertc/Desktop/BLG222E-Project2/BLG-Project1/BLG-Project1.sim/sim_1/behav/xsim'
INFO: [SIM-utils-51] Simulation object is 'sim_1'
INFO: [SIM-utils-54] Inspecting design source files for 'lasttest' in fileset 'sim_1'...
INFO: [SIM-utils-43] Exported 'C:/Users/mertc/Desktop/BLG222E-Project2/BLG-Project1/BLG-Project1.sim/sim_1/behav/xsim/RAM.mem'
INFO: [SIM-utils-43] Exported 'C:/Users/mertc/Desktop/BLG222E-Project2/BLG-Project1/BLG-Project1.sim/sim_1/behav/xsim/RAM.mem'
INFO: [SIM-utils-43] Exported 'C:/Users/mertc/Desktop/BLG222E-Project2/BLG-Project1/BLG-Project1.sim/sim_1/behav/xsim/TestBench.mem'
INFO: [SIM-utils-43] Exported 'C:/Users/mertc/Desktop/BLG222E-Project2/BLG-Project1/BLG-Project1.sim/sim_1/behav/xsim/TestBench.mem'
INFO: [SIM-utils-43] Exported 'C:/Users/mertc/Desktop/BLG222E-Project2/BLG-Project1/BLG-Project1.sim/sim_1/behav/xsim/TestBench.mem'
INFO: [SIM-utils-43] Exported 'C:/Users/mertc/Desktop/BLG222E-Project2/BLG-Project1/BLG-Project1.sim/sim_1/behav/xsim/TestBench.mem'
INFO: [USF-XSim-97] Finding global include files...
INFO: [USF-XSim-98] Fetching design files from 'sim_1'...
INFO: [USF-XSim-2] XSim::Compile design
INFO: [USF-XSim-61] Executing 'COMPILE and ANALYZE' step in 'C:/Users/mertc/Desktop/BLG222E-Project2/BLG-Project1/BLG-Project1.sim/sim_1/behav/xsim'
"xvlog --incr --relax -prj lasttest_vlog.prj"
INFO: [VRFC 10-2263] Analyzing Verilog file "C:/Users/mertc/Desktop/BLG222E-Project2/BLG-Project1/BLG-Project1.srcs/sources_1/new/designs.v" into library xil_defaultlib
INFO: [VRFC 10-311] analyzing module D_Latch
INFO: [VRFC 10-311] analyzing module D_Flip_Flop
INFO: [VRFC 10-311] analyzing module MUX2_1_4bit
INFO: [VRFC 10-311] analyzing module MUX2_1_8bit
INFO: [VRFC 10-311] analyzing module MUX4_1_8bit
INFO: [VRFC 10-311] analyzing module MUX16_4_8bit
INFO: [VRFC 10-311] analyzing module MUX2_1_16bit
INFO: [VRFC 10-311] analyzing module MUX2_1_1bit
INFO: [VRFC 10-311] analyzing module Full_Adder_1bit
INFO: [VRFC 10-311] analyzing module Adder_Substractor_4bit
INFO: [VRFC 10-311] analyzing module Adder_Substractor_8bit
INFO: [VRFC 10-311] analyzing module Adder_Substractor_16bit
INFO: [VRFC 10-311] analyzing module ZCNO_register
INFO: [VRFC 10-311] analyzing module PART1_8bit
INFO: [VRFC 10-311] analyzing module PART1_16bit
INFO: [VRFC 10-311] analyzing module PART2_a
INFO: [VRFC 10-311] analyzing module PART2_b
INFO: [VRFC 10-311] analyzing module PART2_c
INFO: [VRFC 10-311] analyzing module PART3
INFO: [VRFC 10-311] analyzing module Memory
INFO: [VRFC 10-311] analyzing module ALUSystem
INFO: [VRFC 10-311] analyzing module HardwiredControlUnit
INFO: [VRFC 10-2263] Analyzing Verilog file "C:/Users/mertc/Desktop/BLG222E-Project2/BLG-Project1/BLG-Project1.srcs/sim_1/new/simulations.v" into library xil_defaultlib
INFO: [VRFC 10-311] analyzing module part1_8bit_test
INFO: [VRFC 10-311] analyzing module part1_16bit_test
INFO: [VRFC 10-311] analyzing module PART2_a_test
INFO: [VRFC 10-311] analyzing module PART2_b_test
INFO: [VRFC 10-311] analyzing module PART2_c_test
INFO: [VRFC 10-311] analyzing module PART3_test
INFO: [VRFC 10-311] analyzing module Project1Test
INFO: [VRFC 10-311] analyzing module lasttest
INFO: [USF-XSim-69] 'compile' step finished in '1' seconds
INFO: [USF-XSim-3] XSim::Elaborate design
INFO: [USF-XSim-61] Executing 'ELABORATE' step in 'C:/Users/mertc/Desktop/BLG222E-Project2/BLG-Project1/BLG-Project1.sim/sim_1/behav/xsim'
Vivado Simulator 2017.4
Copyright 1986-1999, 2001-2016 Xilinx, Inc. All Rights Reserved.
Running: D:/Vivado/2017.4/bin/unwrapped/win64.o/xelab.exe -wto f97be7fe3a3244819be057ad0ade57cb --incr --debug typical --relax --mt 2 -L xil_defaultlib -L unisims_ver -L unimacro_ver -L secureip --snapshot lasttest_behav xil_defaultlib.lasttest xil_defaultlib.glbl -log elaborate.log 
Using 2 slave threads.
Starting static elaboration
Completed static elaboration
Starting simulation data flow analysis
Completed simulation data flow analysis
Time Resolution for simulation is 1ps
Compiling module xil_defaultlib.MUX2_1_8bit
Compiling module xil_defaultlib.Full_Adder_1bit
Compiling module xil_defaultlib.Adder_Substractor_8bit
Compiling module xil_defaultlib.D_Latch
Compiling module xil_defaultlib.D_Flip_Flop
Compiling module xil_defaultlib.PART1_8bit
Compiling module xil_defaultlib.MUX4_1_8bit
Compiling module xil_defaultlib.PART2_a
Compiling module xil_defaultlib.PART2_b
Compiling module xil_defaultlib.Memory
Compiling module xil_defaultlib.MUX2_1_16bit
Compiling module xil_defaultlib.Adder_Substractor_16bit
Compiling module xil_defaultlib.PART1_16bit
Compiling module xil_defaultlib.PART2_c
Compiling module xil_defaultlib.MUX2_1_1bit
Compiling module xil_defaultlib.MUX16_4_8bit
Compiling module xil_defaultlib.MUX2_1_4bit
Compiling module xil_defaultlib.Adder_Substractor_4bit
Compiling module xil_defaultlib.ZCNO_register
Compiling module xil_defaultlib.PART3
Compiling module xil_defaultlib.ALUSystem
Compiling module xil_defaultlib.HardwiredControlUnit
Compiling module xil_defaultlib.lasttest
Compiling module xil_defaultlib.glbl
Built simulation snapshot lasttest_behav
INFO: [USF-XSim-69] 'elaborate' step finished in '2' seconds
INFO: [USF-XSim-4] XSim::Simulate design
INFO: [USF-XSim-61] Executing 'SIMULATE' step in 'C:/Users/mertc/Desktop/BLG222E-Project2/BLG-Project1/BLG-Project1.sim/sim_1/behav/xsim'
INFO: [USF-XSim-98] *** Running xsim
   with args "lasttest_behav -key {Behavioral:sim_1:Functional:lasttest} -tclbatch {lasttest.tcl} -log {simulate.log}"
INFO: [USF-XSim-8] Loading simulator feature
Vivado Simulator 2017.4
Time resolution is 1 ps
source lasttest.tcl
# set curr_wave [current_wave_config]
# if { [string length $curr_wave] == 0 } {
#   if { [llength [get_objects]] > 0} {
#     add_wave /
#     set_property needs_save false [current_wave_config]
#   } else {
#      send_msg_id Add_Wave-1 WARNING "No top level signals found. Simulator will start without a wave window. If you want to open a wave window go to 'File->New Waveform Configuration' or type 'create_wave_config' in the TCL console."
#   }
# }
# run 1000ns
INFO: [USF-XSim-96] XSim completed. Design snapshot 'lasttest_behav' loaded.
INFO: [USF-XSim-97] XSim simulation ran for 1000ns
launch_simulation: Time (s): cpu = 00:00:02 ; elapsed = 00:00:05 . Memory (MB): peak = 816.586 ; gain = 6.723
restart
INFO: [Simtcl 6-17] Simulation restarted
run 5 ns
run 5 ns
run 5 ns
run 5 ns
run 5 ns
run 5 ns
run 5 ns
run 5 ns
run 5 ns
run 5 ns
run 5 ns
run 5 ns
run 5 ns
close_sim
INFO: [Simtcl 6-16] Simulation closed
launch_simulation
INFO: [Vivado 12-5682] Launching behavioral simulation in 'C:/Users/mertc/Desktop/BLG222E-Project2/BLG-Project1/BLG-Project1.sim/sim_1/behav/xsim'
INFO: [SIM-utils-51] Simulation object is 'sim_1'
INFO: [SIM-utils-54] Inspecting design source files for 'lasttest' in fileset 'sim_1'...
INFO: [SIM-utils-43] Exported 'C:/Users/mertc/Desktop/BLG222E-Project2/BLG-Project1/BLG-Project1.sim/sim_1/behav/xsim/RAM.mem'
INFO: [SIM-utils-43] Exported 'C:/Users/mertc/Desktop/BLG222E-Project2/BLG-Project1/BLG-Project1.sim/sim_1/behav/xsim/RAM.mem'
INFO: [SIM-utils-43] Exported 'C:/Users/mertc/Desktop/BLG222E-Project2/BLG-Project1/BLG-Project1.sim/sim_1/behav/xsim/TestBench.mem'
INFO: [SIM-utils-43] Exported 'C:/Users/mertc/Desktop/BLG222E-Project2/BLG-Project1/BLG-Project1.sim/sim_1/behav/xsim/TestBench.mem'
INFO: [SIM-utils-43] Exported 'C:/Users/mertc/Desktop/BLG222E-Project2/BLG-Project1/BLG-Project1.sim/sim_1/behav/xsim/TestBench.mem'
INFO: [SIM-utils-43] Exported 'C:/Users/mertc/Desktop/BLG222E-Project2/BLG-Project1/BLG-Project1.sim/sim_1/behav/xsim/TestBench.mem'
INFO: [USF-XSim-97] Finding global include files...
INFO: [USF-XSim-98] Fetching design files from 'sim_1'...
INFO: [USF-XSim-2] XSim::Compile design
INFO: [USF-XSim-61] Executing 'COMPILE and ANALYZE' step in 'C:/Users/mertc/Desktop/BLG222E-Project2/BLG-Project1/BLG-Project1.sim/sim_1/behav/xsim'
"xvlog --incr --relax -prj lasttest_vlog.prj"
INFO: [VRFC 10-2263] Analyzing Verilog file "C:/Users/mertc/Desktop/BLG222E-Project2/BLG-Project1/BLG-Project1.srcs/sources_1/new/designs.v" into library xil_defaultlib
INFO: [VRFC 10-311] analyzing module D_Latch
INFO: [VRFC 10-311] analyzing module D_Flip_Flop
INFO: [VRFC 10-311] analyzing module MUX2_1_4bit
INFO: [VRFC 10-311] analyzing module MUX2_1_8bit
INFO: [VRFC 10-311] analyzing module MUX4_1_8bit
INFO: [VRFC 10-311] analyzing module MUX16_4_8bit
INFO: [VRFC 10-311] analyzing module MUX2_1_16bit
INFO: [VRFC 10-311] analyzing module MUX2_1_1bit
INFO: [VRFC 10-311] analyzing module Full_Adder_1bit
INFO: [VRFC 10-311] analyzing module Adder_Substractor_4bit
INFO: [VRFC 10-311] analyzing module Adder_Substractor_8bit
INFO: [VRFC 10-311] analyzing module Adder_Substractor_16bit
INFO: [VRFC 10-311] analyzing module ZCNO_register
INFO: [VRFC 10-311] analyzing module PART1_8bit
INFO: [VRFC 10-311] analyzing module PART1_16bit
INFO: [VRFC 10-311] analyzing module PART2_a
INFO: [VRFC 10-311] analyzing module PART2_b
INFO: [VRFC 10-311] analyzing module PART2_c
INFO: [VRFC 10-311] analyzing module PART3
INFO: [VRFC 10-311] analyzing module Memory
INFO: [VRFC 10-311] analyzing module ALUSystem
INFO: [VRFC 10-311] analyzing module HardwiredControlUnit
INFO: [VRFC 10-2263] Analyzing Verilog file "C:/Users/mertc/Desktop/BLG222E-Project2/BLG-Project1/BLG-Project1.srcs/sim_1/new/simulations.v" into library xil_defaultlib
INFO: [VRFC 10-311] analyzing module part1_8bit_test
INFO: [VRFC 10-311] analyzing module part1_16bit_test
INFO: [VRFC 10-311] analyzing module PART2_a_test
INFO: [VRFC 10-311] analyzing module PART2_b_test
INFO: [VRFC 10-311] analyzing module PART2_c_test
INFO: [VRFC 10-311] analyzing module PART3_test
INFO: [VRFC 10-311] analyzing module Project1Test
INFO: [VRFC 10-311] analyzing module lasttest
INFO: [USF-XSim-69] 'compile' step finished in '1' seconds
INFO: [USF-XSim-3] XSim::Elaborate design
INFO: [USF-XSim-61] Executing 'ELABORATE' step in 'C:/Users/mertc/Desktop/BLG222E-Project2/BLG-Project1/BLG-Project1.sim/sim_1/behav/xsim'
Vivado Simulator 2017.4
Copyright 1986-1999, 2001-2016 Xilinx, Inc. All Rights Reserved.
Running: D:/Vivado/2017.4/bin/unwrapped/win64.o/xelab.exe -wto f97be7fe3a3244819be057ad0ade57cb --incr --debug typical --relax --mt 2 -L xil_defaultlib -L unisims_ver -L unimacro_ver -L secureip --snapshot lasttest_behav xil_defaultlib.lasttest xil_defaultlib.glbl -log elaborate.log 
Using 2 slave threads.
Starting static elaboration
Completed static elaboration
Starting simulation data flow analysis
Completed simulation data flow analysis
Time Resolution for simulation is 1ps
Compiling module xil_defaultlib.MUX2_1_8bit
Compiling module xil_defaultlib.Full_Adder_1bit
Compiling module xil_defaultlib.Adder_Substractor_8bit
Compiling module xil_defaultlib.D_Latch
Compiling module xil_defaultlib.D_Flip_Flop
Compiling module xil_defaultlib.PART1_8bit
Compiling module xil_defaultlib.MUX4_1_8bit
Compiling module xil_defaultlib.PART2_a
Compiling module xil_defaultlib.PART2_b
Compiling module xil_defaultlib.Memory
Compiling module xil_defaultlib.MUX2_1_16bit
Compiling module xil_defaultlib.Adder_Substractor_16bit
Compiling module xil_defaultlib.PART1_16bit
Compiling module xil_defaultlib.PART2_c
Compiling module xil_defaultlib.MUX2_1_1bit
Compiling module xil_defaultlib.MUX16_4_8bit
Compiling module xil_defaultlib.MUX2_1_4bit
Compiling module xil_defaultlib.Adder_Substractor_4bit
Compiling module xil_defaultlib.ZCNO_register
Compiling module xil_defaultlib.PART3
Compiling module xil_defaultlib.ALUSystem
Compiling module xil_defaultlib.HardwiredControlUnit
Compiling module xil_defaultlib.lasttest
Compiling module xil_defaultlib.glbl
Built simulation snapshot lasttest_behav
INFO: [USF-XSim-69] 'elaborate' step finished in '2' seconds
INFO: [USF-XSim-4] XSim::Simulate design
INFO: [USF-XSim-61] Executing 'SIMULATE' step in 'C:/Users/mertc/Desktop/BLG222E-Project2/BLG-Project1/BLG-Project1.sim/sim_1/behav/xsim'
INFO: [USF-XSim-98] *** Running xsim
   with args "lasttest_behav -key {Behavioral:sim_1:Functional:lasttest} -tclbatch {lasttest.tcl} -log {simulate.log}"
INFO: [USF-XSim-8] Loading simulator feature
Vivado Simulator 2017.4
Time resolution is 1 ps
source lasttest.tcl
# set curr_wave [current_wave_config]
# if { [string length $curr_wave] == 0 } {
#   if { [llength [get_objects]] > 0} {
#     add_wave /
#     set_property needs_save false [current_wave_config]
#   } else {
#      send_msg_id Add_Wave-1 WARNING "No top level signals found. Simulator will start without a wave window. If you want to open a wave window go to 'File->New Waveform Configuration' or type 'create_wave_config' in the TCL console."
#   }
# }
# run 1000ns
INFO: [USF-XSim-96] XSim completed. Design snapshot 'lasttest_behav' loaded.
INFO: [USF-XSim-97] XSim simulation ran for 1000ns
restart
INFO: [Simtcl 6-17] Simulation restarted
run 5 ns
run 5 ns
run 5 ns
run 5 ns
run 5 ns
run 5 ns
run 5 ns
run 5 ns
run 5 ns
run 5 ns
run 5 ns
run 5 ns
run 5 ns
run 5 ns
run 5 ns
run 5 ns
close_sim
INFO: [Simtcl 6-16] Simulation closed
launch_simulation
INFO: [Vivado 12-5682] Launching behavioral simulation in 'C:/Users/mertc/Desktop/BLG222E-Project2/BLG-Project1/BLG-Project1.sim/sim_1/behav/xsim'
INFO: [SIM-utils-51] Simulation object is 'sim_1'
INFO: [SIM-utils-54] Inspecting design source files for 'lasttest' in fileset 'sim_1'...
INFO: [SIM-utils-43] Exported 'C:/Users/mertc/Desktop/BLG222E-Project2/BLG-Project1/BLG-Project1.sim/sim_1/behav/xsim/RAM.mem'
INFO: [SIM-utils-43] Exported 'C:/Users/mertc/Desktop/BLG222E-Project2/BLG-Project1/BLG-Project1.sim/sim_1/behav/xsim/RAM.mem'
INFO: [SIM-utils-43] Exported 'C:/Users/mertc/Desktop/BLG222E-Project2/BLG-Project1/BLG-Project1.sim/sim_1/behav/xsim/TestBench.mem'
INFO: [SIM-utils-43] Exported 'C:/Users/mertc/Desktop/BLG222E-Project2/BLG-Project1/BLG-Project1.sim/sim_1/behav/xsim/TestBench.mem'
INFO: [SIM-utils-43] Exported 'C:/Users/mertc/Desktop/BLG222E-Project2/BLG-Project1/BLG-Project1.sim/sim_1/behav/xsim/TestBench.mem'
INFO: [SIM-utils-43] Exported 'C:/Users/mertc/Desktop/BLG222E-Project2/BLG-Project1/BLG-Project1.sim/sim_1/behav/xsim/TestBench.mem'
INFO: [USF-XSim-97] Finding global include files...
INFO: [USF-XSim-98] Fetching design files from 'sim_1'...
INFO: [USF-XSim-2] XSim::Compile design
INFO: [USF-XSim-61] Executing 'COMPILE and ANALYZE' step in 'C:/Users/mertc/Desktop/BLG222E-Project2/BLG-Project1/BLG-Project1.sim/sim_1/behav/xsim'
"xvlog --incr --relax -prj lasttest_vlog.prj"
INFO: [VRFC 10-2263] Analyzing Verilog file "C:/Users/mertc/Desktop/BLG222E-Project2/BLG-Project1/BLG-Project1.srcs/sources_1/new/designs.v" into library xil_defaultlib
INFO: [VRFC 10-311] analyzing module D_Latch
INFO: [VRFC 10-311] analyzing module D_Flip_Flop
INFO: [VRFC 10-311] analyzing module MUX2_1_4bit
INFO: [VRFC 10-311] analyzing module MUX2_1_8bit
INFO: [VRFC 10-311] analyzing module MUX4_1_8bit
INFO: [VRFC 10-311] analyzing module MUX16_4_8bit
INFO: [VRFC 10-311] analyzing module MUX2_1_16bit
INFO: [VRFC 10-311] analyzing module MUX2_1_1bit
INFO: [VRFC 10-311] analyzing module Full_Adder_1bit
INFO: [VRFC 10-311] analyzing module Adder_Substractor_4bit
INFO: [VRFC 10-311] analyzing module Adder_Substractor_8bit
INFO: [VRFC 10-311] analyzing module Adder_Substractor_16bit
INFO: [VRFC 10-311] analyzing module ZCNO_register
INFO: [VRFC 10-311] analyzing module PART1_8bit
INFO: [VRFC 10-311] analyzing module PART1_16bit
INFO: [VRFC 10-311] analyzing module PART2_a
INFO: [VRFC 10-311] analyzing module PART2_b
INFO: [VRFC 10-311] analyzing module PART2_c
INFO: [VRFC 10-311] analyzing module PART3
INFO: [VRFC 10-311] analyzing module Memory
INFO: [VRFC 10-311] analyzing module ALUSystem
INFO: [VRFC 10-311] analyzing module HardwiredControlUnit
INFO: [VRFC 10-2263] Analyzing Verilog file "C:/Users/mertc/Desktop/BLG222E-Project2/BLG-Project1/BLG-Project1.srcs/sim_1/new/simulations.v" into library xil_defaultlib
INFO: [VRFC 10-311] analyzing module part1_8bit_test
INFO: [VRFC 10-311] analyzing module part1_16bit_test
INFO: [VRFC 10-311] analyzing module PART2_a_test
INFO: [VRFC 10-311] analyzing module PART2_b_test
INFO: [VRFC 10-311] analyzing module PART2_c_test
INFO: [VRFC 10-311] analyzing module PART3_test
INFO: [VRFC 10-311] analyzing module Project1Test
INFO: [VRFC 10-311] analyzing module lasttest
INFO: [USF-XSim-69] 'compile' step finished in '2' seconds
INFO: [USF-XSim-3] XSim::Elaborate design
INFO: [USF-XSim-61] Executing 'ELABORATE' step in 'C:/Users/mertc/Desktop/BLG222E-Project2/BLG-Project1/BLG-Project1.sim/sim_1/behav/xsim'
Vivado Simulator 2017.4
Copyright 1986-1999, 2001-2016 Xilinx, Inc. All Rights Reserved.
Running: D:/Vivado/2017.4/bin/unwrapped/win64.o/xelab.exe -wto f97be7fe3a3244819be057ad0ade57cb --incr --debug typical --relax --mt 2 -L xil_defaultlib -L unisims_ver -L unimacro_ver -L secureip --snapshot lasttest_behav xil_defaultlib.lasttest xil_defaultlib.glbl -log elaborate.log 
Using 2 slave threads.
Starting static elaboration
Completed static elaboration
Starting simulation data flow analysis
Completed simulation data flow analysis
Time Resolution for simulation is 1ps
Compiling module xil_defaultlib.MUX2_1_8bit
Compiling module xil_defaultlib.Full_Adder_1bit
Compiling module xil_defaultlib.Adder_Substractor_8bit
Compiling module xil_defaultlib.D_Latch
Compiling module xil_defaultlib.D_Flip_Flop
Compiling module xil_defaultlib.PART1_8bit
Compiling module xil_defaultlib.MUX4_1_8bit
Compiling module xil_defaultlib.PART2_a
Compiling module xil_defaultlib.PART2_b
Compiling module xil_defaultlib.Memory
Compiling module xil_defaultlib.MUX2_1_16bit
Compiling module xil_defaultlib.Adder_Substractor_16bit
Compiling module xil_defaultlib.PART1_16bit
Compiling module xil_defaultlib.PART2_c
Compiling module xil_defaultlib.MUX2_1_1bit
Compiling module xil_defaultlib.MUX16_4_8bit
Compiling module xil_defaultlib.MUX2_1_4bit
Compiling module xil_defaultlib.Adder_Substractor_4bit
Compiling module xil_defaultlib.ZCNO_register
Compiling module xil_defaultlib.PART3
Compiling module xil_defaultlib.ALUSystem
Compiling module xil_defaultlib.HardwiredControlUnit
Compiling module xil_defaultlib.lasttest
Compiling module xil_defaultlib.glbl
Built simulation snapshot lasttest_behav
INFO: [USF-XSim-69] 'elaborate' step finished in '2' seconds
INFO: [USF-XSim-4] XSim::Simulate design
INFO: [USF-XSim-61] Executing 'SIMULATE' step in 'C:/Users/mertc/Desktop/BLG222E-Project2/BLG-Project1/BLG-Project1.sim/sim_1/behav/xsim'
INFO: [USF-XSim-98] *** Running xsim
   with args "lasttest_behav -key {Behavioral:sim_1:Functional:lasttest} -tclbatch {lasttest.tcl} -log {simulate.log}"
INFO: [USF-XSim-8] Loading simulator feature
Vivado Simulator 2017.4
Time resolution is 1 ps
source lasttest.tcl
# set curr_wave [current_wave_config]
# if { [string length $curr_wave] == 0 } {
#   if { [llength [get_objects]] > 0} {
#     add_wave /
#     set_property needs_save false [current_wave_config]
#   } else {
#      send_msg_id Add_Wave-1 WARNING "No top level signals found. Simulator will start without a wave window. If you want to open a wave window go to 'File->New Waveform Configuration' or type 'create_wave_config' in the TCL console."
#   }
# }
# run 1000ns
INFO: [USF-XSim-96] XSim completed. Design snapshot 'lasttest_behav' loaded.
INFO: [USF-XSim-97] XSim simulation ran for 1000ns
launch_simulation: Time (s): cpu = 00:00:02 ; elapsed = 00:00:06 . Memory (MB): peak = 829.984 ; gain = 0.000
restart
INFO: [Simtcl 6-17] Simulation restarted
run 5 ns
run 5 ns
restart
INFO: [Simtcl 6-17] Simulation restarted
restart
INFO: [Simtcl 6-17] Simulation restarted
run 5 ps
run 5 ps
run 5 ps
run 5 ps
run 5 ps
run all
run: Time (s): cpu = 00:00:01 ; elapsed = 00:00:05 . Memory (MB): peak = 830.918 ; gain = 0.176
close_sim
INFO: [Simtcl 6-16] Simulation closed
launch_simulation
INFO: [Vivado 12-5682] Launching behavioral simulation in 'C:/Users/mertc/Desktop/BLG222E-Project2/BLG-Project1/BLG-Project1.sim/sim_1/behav/xsim'
INFO: [SIM-utils-51] Simulation object is 'sim_1'
INFO: [SIM-utils-54] Inspecting design source files for 'lasttest' in fileset 'sim_1'...
INFO: [SIM-utils-43] Exported 'C:/Users/mertc/Desktop/BLG222E-Project2/BLG-Project1/BLG-Project1.sim/sim_1/behav/xsim/RAM.mem'
INFO: [SIM-utils-43] Exported 'C:/Users/mertc/Desktop/BLG222E-Project2/BLG-Project1/BLG-Project1.sim/sim_1/behav/xsim/RAM.mem'
INFO: [SIM-utils-43] Exported 'C:/Users/mertc/Desktop/BLG222E-Project2/BLG-Project1/BLG-Project1.sim/sim_1/behav/xsim/TestBench.mem'
INFO: [SIM-utils-43] Exported 'C:/Users/mertc/Desktop/BLG222E-Project2/BLG-Project1/BLG-Project1.sim/sim_1/behav/xsim/TestBench.mem'
INFO: [SIM-utils-43] Exported 'C:/Users/mertc/Desktop/BLG222E-Project2/BLG-Project1/BLG-Project1.sim/sim_1/behav/xsim/TestBench.mem'
INFO: [SIM-utils-43] Exported 'C:/Users/mertc/Desktop/BLG222E-Project2/BLG-Project1/BLG-Project1.sim/sim_1/behav/xsim/TestBench.mem'
INFO: [USF-XSim-97] Finding global include files...
INFO: [USF-XSim-98] Fetching design files from 'sim_1'...
INFO: [USF-XSim-2] XSim::Compile design
INFO: [USF-XSim-61] Executing 'COMPILE and ANALYZE' step in 'C:/Users/mertc/Desktop/BLG222E-Project2/BLG-Project1/BLG-Project1.sim/sim_1/behav/xsim'
"xvlog --incr --relax -prj lasttest_vlog.prj"
INFO: [VRFC 10-2263] Analyzing Verilog file "C:/Users/mertc/Desktop/BLG222E-Project2/BLG-Project1/BLG-Project1.srcs/sources_1/new/designs.v" into library xil_defaultlib
INFO: [VRFC 10-311] analyzing module D_Latch
INFO: [VRFC 10-311] analyzing module D_Flip_Flop
INFO: [VRFC 10-311] analyzing module MUX2_1_4bit
INFO: [VRFC 10-311] analyzing module MUX2_1_8bit
INFO: [VRFC 10-311] analyzing module MUX4_1_8bit
INFO: [VRFC 10-311] analyzing module MUX16_4_8bit
INFO: [VRFC 10-311] analyzing module MUX2_1_16bit
INFO: [VRFC 10-311] analyzing module MUX2_1_1bit
INFO: [VRFC 10-311] analyzing module Full_Adder_1bit
INFO: [VRFC 10-311] analyzing module Adder_Substractor_4bit
INFO: [VRFC 10-311] analyzing module Adder_Substractor_8bit
INFO: [VRFC 10-311] analyzing module Adder_Substractor_16bit
INFO: [VRFC 10-311] analyzing module ZCNO_register
INFO: [VRFC 10-311] analyzing module PART1_8bit
INFO: [VRFC 10-311] analyzing module PART1_16bit
INFO: [VRFC 10-311] analyzing module PART2_a
INFO: [VRFC 10-311] analyzing module PART2_b
INFO: [VRFC 10-311] analyzing module PART2_c
INFO: [VRFC 10-311] analyzing module PART3
INFO: [VRFC 10-311] analyzing module Memory
INFO: [VRFC 10-311] analyzing module ALUSystem
INFO: [VRFC 10-311] analyzing module HardwiredControlUnit
INFO: [VRFC 10-2263] Analyzing Verilog file "C:/Users/mertc/Desktop/BLG222E-Project2/BLG-Project1/BLG-Project1.srcs/sim_1/new/simulations.v" into library xil_defaultlib
INFO: [VRFC 10-311] analyzing module part1_8bit_test
INFO: [VRFC 10-311] analyzing module part1_16bit_test
INFO: [VRFC 10-311] analyzing module PART2_a_test
INFO: [VRFC 10-311] analyzing module PART2_b_test
INFO: [VRFC 10-311] analyzing module PART2_c_test
INFO: [VRFC 10-311] analyzing module PART3_test
INFO: [VRFC 10-311] analyzing module Project1Test
INFO: [VRFC 10-311] analyzing module lasttest
INFO: [USF-XSim-69] 'compile' step finished in '1' seconds
INFO: [USF-XSim-3] XSim::Elaborate design
INFO: [USF-XSim-61] Executing 'ELABORATE' step in 'C:/Users/mertc/Desktop/BLG222E-Project2/BLG-Project1/BLG-Project1.sim/sim_1/behav/xsim'
Vivado Simulator 2017.4
Copyright 1986-1999, 2001-2016 Xilinx, Inc. All Rights Reserved.
Running: D:/Vivado/2017.4/bin/unwrapped/win64.o/xelab.exe -wto f97be7fe3a3244819be057ad0ade57cb --incr --debug typical --relax --mt 2 -L xil_defaultlib -L unisims_ver -L unimacro_ver -L secureip --snapshot lasttest_behav xil_defaultlib.lasttest xil_defaultlib.glbl -log elaborate.log 
Using 2 slave threads.
Starting static elaboration
Completed static elaboration
Starting simulation data flow analysis
Completed simulation data flow analysis
Time Resolution for simulation is 1ps
Compiling module xil_defaultlib.MUX2_1_8bit
Compiling module xil_defaultlib.Full_Adder_1bit
Compiling module xil_defaultlib.Adder_Substractor_8bit
Compiling module xil_defaultlib.D_Latch
Compiling module xil_defaultlib.D_Flip_Flop
Compiling module xil_defaultlib.PART1_8bit
Compiling module xil_defaultlib.MUX4_1_8bit
Compiling module xil_defaultlib.PART2_a
Compiling module xil_defaultlib.PART2_b
Compiling module xil_defaultlib.Memory
Compiling module xil_defaultlib.MUX2_1_16bit
Compiling module xil_defaultlib.Adder_Substractor_16bit
Compiling module xil_defaultlib.PART1_16bit
Compiling module xil_defaultlib.PART2_c
Compiling module xil_defaultlib.MUX2_1_1bit
Compiling module xil_defaultlib.MUX16_4_8bit
Compiling module xil_defaultlib.MUX2_1_4bit
Compiling module xil_defaultlib.Adder_Substractor_4bit
Compiling module xil_defaultlib.ZCNO_register
Compiling module xil_defaultlib.PART3
Compiling module xil_defaultlib.ALUSystem
Compiling module xil_defaultlib.HardwiredControlUnit
Compiling module xil_defaultlib.lasttest
Compiling module xil_defaultlib.glbl
Built simulation snapshot lasttest_behav
INFO: [USF-XSim-69] 'elaborate' step finished in '2' seconds
INFO: [USF-XSim-4] XSim::Simulate design
INFO: [USF-XSim-61] Executing 'SIMULATE' step in 'C:/Users/mertc/Desktop/BLG222E-Project2/BLG-Project1/BLG-Project1.sim/sim_1/behav/xsim'
INFO: [USF-XSim-98] *** Running xsim
   with args "lasttest_behav -key {Behavioral:sim_1:Functional:lasttest} -tclbatch {lasttest.tcl} -log {simulate.log}"
INFO: [USF-XSim-8] Loading simulator feature
Vivado Simulator 2017.4
Time resolution is 1 ps
source lasttest.tcl
# set curr_wave [current_wave_config]
# if { [string length $curr_wave] == 0 } {
#   if { [llength [get_objects]] > 0} {
#     add_wave /
#     set_property needs_save false [current_wave_config]
#   } else {
#      send_msg_id Add_Wave-1 WARNING "No top level signals found. Simulator will start without a wave window. If you want to open a wave window go to 'File->New Waveform Configuration' or type 'create_wave_config' in the TCL console."
#   }
# }
# run 1000ns
INFO: [USF-XSim-96] XSim completed. Design snapshot 'lasttest_behav' loaded.
INFO: [USF-XSim-97] XSim simulation ran for 1000ns
restart
INFO: [Simtcl 6-17] Simulation restarted
run 5 ns
run 5 ns
run 5 ns
run 5 ns
run 5 ns
run 5 ns
run 5 ns
run 5 ns
run 5 ns
run 5 ns
run 5 ns
run 5 ns
run 5 ns
run 5 ns
run 5 ns
run 5 ns
run 5 ns
run 5 ns
run 5 ns
run 5 ns
run 5 ns
run 5 ns
close_sim
INFO: [Simtcl 6-16] Simulation closed
launch_simulation
INFO: [Vivado 12-5682] Launching behavioral simulation in 'C:/Users/mertc/Desktop/BLG222E-Project2/BLG-Project1/BLG-Project1.sim/sim_1/behav/xsim'
INFO: [SIM-utils-51] Simulation object is 'sim_1'
INFO: [SIM-utils-54] Inspecting design source files for 'lasttest' in fileset 'sim_1'...
INFO: [SIM-utils-43] Exported 'C:/Users/mertc/Desktop/BLG222E-Project2/BLG-Project1/BLG-Project1.sim/sim_1/behav/xsim/RAM.mem'
INFO: [SIM-utils-43] Exported 'C:/Users/mertc/Desktop/BLG222E-Project2/BLG-Project1/BLG-Project1.sim/sim_1/behav/xsim/RAM.mem'
INFO: [SIM-utils-43] Exported 'C:/Users/mertc/Desktop/BLG222E-Project2/BLG-Project1/BLG-Project1.sim/sim_1/behav/xsim/TestBench.mem'
INFO: [SIM-utils-43] Exported 'C:/Users/mertc/Desktop/BLG222E-Project2/BLG-Project1/BLG-Project1.sim/sim_1/behav/xsim/TestBench.mem'
INFO: [SIM-utils-43] Exported 'C:/Users/mertc/Desktop/BLG222E-Project2/BLG-Project1/BLG-Project1.sim/sim_1/behav/xsim/TestBench.mem'
INFO: [SIM-utils-43] Exported 'C:/Users/mertc/Desktop/BLG222E-Project2/BLG-Project1/BLG-Project1.sim/sim_1/behav/xsim/TestBench.mem'
INFO: [USF-XSim-97] Finding global include files...
INFO: [USF-XSim-98] Fetching design files from 'sim_1'...
INFO: [USF-XSim-2] XSim::Compile design
INFO: [USF-XSim-61] Executing 'COMPILE and ANALYZE' step in 'C:/Users/mertc/Desktop/BLG222E-Project2/BLG-Project1/BLG-Project1.sim/sim_1/behav/xsim'
"xvlog --incr --relax -prj lasttest_vlog.prj"
INFO: [VRFC 10-2263] Analyzing Verilog file "C:/Users/mertc/Desktop/BLG222E-Project2/BLG-Project1/BLG-Project1.srcs/sources_1/new/designs.v" into library xil_defaultlib
INFO: [VRFC 10-311] analyzing module D_Latch
INFO: [VRFC 10-311] analyzing module D_Flip_Flop
INFO: [VRFC 10-311] analyzing module MUX2_1_4bit
INFO: [VRFC 10-311] analyzing module MUX2_1_8bit
INFO: [VRFC 10-311] analyzing module MUX4_1_8bit
INFO: [VRFC 10-311] analyzing module MUX16_4_8bit
INFO: [VRFC 10-311] analyzing module MUX2_1_16bit
INFO: [VRFC 10-311] analyzing module MUX2_1_1bit
INFO: [VRFC 10-311] analyzing module Full_Adder_1bit
INFO: [VRFC 10-311] analyzing module Adder_Substractor_4bit
INFO: [VRFC 10-311] analyzing module Adder_Substractor_8bit
INFO: [VRFC 10-311] analyzing module Adder_Substractor_16bit
INFO: [VRFC 10-311] analyzing module ZCNO_register
INFO: [VRFC 10-311] analyzing module PART1_8bit
INFO: [VRFC 10-311] analyzing module PART1_16bit
INFO: [VRFC 10-311] analyzing module PART2_a
INFO: [VRFC 10-311] analyzing module PART2_b
INFO: [VRFC 10-311] analyzing module PART2_c
INFO: [VRFC 10-311] analyzing module PART3
INFO: [VRFC 10-311] analyzing module Memory
INFO: [VRFC 10-311] analyzing module ALUSystem
INFO: [VRFC 10-311] analyzing module HardwiredControlUnit
INFO: [VRFC 10-2263] Analyzing Verilog file "C:/Users/mertc/Desktop/BLG222E-Project2/BLG-Project1/BLG-Project1.srcs/sim_1/new/simulations.v" into library xil_defaultlib
INFO: [VRFC 10-311] analyzing module part1_8bit_test
INFO: [VRFC 10-311] analyzing module part1_16bit_test
INFO: [VRFC 10-311] analyzing module PART2_a_test
INFO: [VRFC 10-311] analyzing module PART2_b_test
INFO: [VRFC 10-311] analyzing module PART2_c_test
INFO: [VRFC 10-311] analyzing module PART3_test
INFO: [VRFC 10-311] analyzing module Project1Test
INFO: [VRFC 10-311] analyzing module lasttest
INFO: [USF-XSim-69] 'compile' step finished in '1' seconds
INFO: [USF-XSim-3] XSim::Elaborate design
INFO: [USF-XSim-61] Executing 'ELABORATE' step in 'C:/Users/mertc/Desktop/BLG222E-Project2/BLG-Project1/BLG-Project1.sim/sim_1/behav/xsim'
Vivado Simulator 2017.4
Copyright 1986-1999, 2001-2016 Xilinx, Inc. All Rights Reserved.
Running: D:/Vivado/2017.4/bin/unwrapped/win64.o/xelab.exe -wto f97be7fe3a3244819be057ad0ade57cb --incr --debug typical --relax --mt 2 -L xil_defaultlib -L unisims_ver -L unimacro_ver -L secureip --snapshot lasttest_behav xil_defaultlib.lasttest xil_defaultlib.glbl -log elaborate.log 
Using 2 slave threads.
Starting static elaboration
Completed static elaboration
Starting simulation data flow analysis
Completed simulation data flow analysis
Time Resolution for simulation is 1ps
Compiling module xil_defaultlib.MUX2_1_8bit
Compiling module xil_defaultlib.Full_Adder_1bit
Compiling module xil_defaultlib.Adder_Substractor_8bit
Compiling module xil_defaultlib.D_Latch
Compiling module xil_defaultlib.D_Flip_Flop
Compiling module xil_defaultlib.PART1_8bit
Compiling module xil_defaultlib.MUX4_1_8bit
Compiling module xil_defaultlib.PART2_a
Compiling module xil_defaultlib.PART2_b
Compiling module xil_defaultlib.Memory
Compiling module xil_defaultlib.MUX2_1_16bit
Compiling module xil_defaultlib.Adder_Substractor_16bit
Compiling module xil_defaultlib.PART1_16bit
Compiling module xil_defaultlib.PART2_c
Compiling module xil_defaultlib.MUX2_1_1bit
Compiling module xil_defaultlib.MUX16_4_8bit
Compiling module xil_defaultlib.MUX2_1_4bit
Compiling module xil_defaultlib.Adder_Substractor_4bit
Compiling module xil_defaultlib.ZCNO_register
Compiling module xil_defaultlib.PART3
Compiling module xil_defaultlib.ALUSystem
Compiling module xil_defaultlib.HardwiredControlUnit
Compiling module xil_defaultlib.lasttest
Compiling module xil_defaultlib.glbl
Built simulation snapshot lasttest_behav
INFO: [USF-XSim-69] 'elaborate' step finished in '2' seconds
INFO: [USF-XSim-4] XSim::Simulate design
INFO: [USF-XSim-61] Executing 'SIMULATE' step in 'C:/Users/mertc/Desktop/BLG222E-Project2/BLG-Project1/BLG-Project1.sim/sim_1/behav/xsim'
INFO: [USF-XSim-98] *** Running xsim
   with args "lasttest_behav -key {Behavioral:sim_1:Functional:lasttest} -tclbatch {lasttest.tcl} -log {simulate.log}"
INFO: [USF-XSim-8] Loading simulator feature
Vivado Simulator 2017.4
Time resolution is 1 ps
source lasttest.tcl
# set curr_wave [current_wave_config]
# if { [string length $curr_wave] == 0 } {
#   if { [llength [get_objects]] > 0} {
#     add_wave /
#     set_property needs_save false [current_wave_config]
#   } else {
#      send_msg_id Add_Wave-1 WARNING "No top level signals found. Simulator will start without a wave window. If you want to open a wave window go to 'File->New Waveform Configuration' or type 'create_wave_config' in the TCL console."
#   }
# }
# run 1000ns
INFO: [USF-XSim-96] XSim completed. Design snapshot 'lasttest_behav' loaded.
INFO: [USF-XSim-97] XSim simulation ran for 1000ns
launch_simulation: Time (s): cpu = 00:00:02 ; elapsed = 00:00:05 . Memory (MB): peak = 837.594 ; gain = 0.234
restart
INFO: [Simtcl 6-17] Simulation restarted
run 5 ns
run 5 ns
run 5 ns
run 5 ns
run 5 ns
run 5 ns
run 5 ns
run 5 ns
run 5 ns
run 5 ns
run 5 ns
run 5 ns
run 5 ns
run 5 ns
close_sim
INFO: [Simtcl 6-16] Simulation closed
launch_simulation
INFO: [Vivado 12-5682] Launching behavioral simulation in 'C:/Users/mertc/Desktop/BLG222E-Project2/BLG-Project1/BLG-Project1.sim/sim_1/behav/xsim'
INFO: [SIM-utils-51] Simulation object is 'sim_1'
INFO: [SIM-utils-54] Inspecting design source files for 'lasttest' in fileset 'sim_1'...
INFO: [SIM-utils-43] Exported 'C:/Users/mertc/Desktop/BLG222E-Project2/BLG-Project1/BLG-Project1.sim/sim_1/behav/xsim/RAM.mem'
INFO: [SIM-utils-43] Exported 'C:/Users/mertc/Desktop/BLG222E-Project2/BLG-Project1/BLG-Project1.sim/sim_1/behav/xsim/RAM.mem'
INFO: [SIM-utils-43] Exported 'C:/Users/mertc/Desktop/BLG222E-Project2/BLG-Project1/BLG-Project1.sim/sim_1/behav/xsim/TestBench.mem'
INFO: [SIM-utils-43] Exported 'C:/Users/mertc/Desktop/BLG222E-Project2/BLG-Project1/BLG-Project1.sim/sim_1/behav/xsim/TestBench.mem'
INFO: [SIM-utils-43] Exported 'C:/Users/mertc/Desktop/BLG222E-Project2/BLG-Project1/BLG-Project1.sim/sim_1/behav/xsim/TestBench.mem'
INFO: [SIM-utils-43] Exported 'C:/Users/mertc/Desktop/BLG222E-Project2/BLG-Project1/BLG-Project1.sim/sim_1/behav/xsim/TestBench.mem'
INFO: [USF-XSim-97] Finding global include files...
INFO: [USF-XSim-98] Fetching design files from 'sim_1'...
INFO: [USF-XSim-2] XSim::Compile design
INFO: [USF-XSim-61] Executing 'COMPILE and ANALYZE' step in 'C:/Users/mertc/Desktop/BLG222E-Project2/BLG-Project1/BLG-Project1.sim/sim_1/behav/xsim'
"xvlog --incr --relax -prj lasttest_vlog.prj"
INFO: [VRFC 10-2263] Analyzing Verilog file "C:/Users/mertc/Desktop/BLG222E-Project2/BLG-Project1/BLG-Project1.srcs/sources_1/new/designs.v" into library xil_defaultlib
INFO: [VRFC 10-311] analyzing module D_Latch
INFO: [VRFC 10-311] analyzing module D_Flip_Flop
INFO: [VRFC 10-311] analyzing module MUX2_1_4bit
INFO: [VRFC 10-311] analyzing module MUX2_1_8bit
INFO: [VRFC 10-311] analyzing module MUX4_1_8bit
INFO: [VRFC 10-311] analyzing module MUX16_4_8bit
INFO: [VRFC 10-311] analyzing module MUX2_1_16bit
INFO: [VRFC 10-311] analyzing module MUX2_1_1bit
INFO: [VRFC 10-311] analyzing module Full_Adder_1bit
INFO: [VRFC 10-311] analyzing module Adder_Substractor_4bit
INFO: [VRFC 10-311] analyzing module Adder_Substractor_8bit
INFO: [VRFC 10-311] analyzing module Adder_Substractor_16bit
INFO: [VRFC 10-311] analyzing module ZCNO_register
INFO: [VRFC 10-311] analyzing module PART1_8bit
INFO: [VRFC 10-311] analyzing module PART1_16bit
INFO: [VRFC 10-311] analyzing module PART2_a
INFO: [VRFC 10-311] analyzing module PART2_b
INFO: [VRFC 10-311] analyzing module PART2_c
INFO: [VRFC 10-311] analyzing module PART3
INFO: [VRFC 10-311] analyzing module Memory
INFO: [VRFC 10-311] analyzing module ALUSystem
INFO: [VRFC 10-311] analyzing module HardwiredControlUnit
INFO: [VRFC 10-2263] Analyzing Verilog file "C:/Users/mertc/Desktop/BLG222E-Project2/BLG-Project1/BLG-Project1.srcs/sim_1/new/simulations.v" into library xil_defaultlib
INFO: [VRFC 10-311] analyzing module part1_8bit_test
INFO: [VRFC 10-311] analyzing module part1_16bit_test
INFO: [VRFC 10-311] analyzing module PART2_a_test
INFO: [VRFC 10-311] analyzing module PART2_b_test
INFO: [VRFC 10-311] analyzing module PART2_c_test
INFO: [VRFC 10-311] analyzing module PART3_test
INFO: [VRFC 10-311] analyzing module Project1Test
INFO: [VRFC 10-311] analyzing module lasttest
INFO: [USF-XSim-69] 'compile' step finished in '1' seconds
INFO: [USF-XSim-3] XSim::Elaborate design
INFO: [USF-XSim-61] Executing 'ELABORATE' step in 'C:/Users/mertc/Desktop/BLG222E-Project2/BLG-Project1/BLG-Project1.sim/sim_1/behav/xsim'
Vivado Simulator 2017.4
Copyright 1986-1999, 2001-2016 Xilinx, Inc. All Rights Reserved.
Running: D:/Vivado/2017.4/bin/unwrapped/win64.o/xelab.exe -wto f97be7fe3a3244819be057ad0ade57cb --incr --debug typical --relax --mt 2 -L xil_defaultlib -L unisims_ver -L unimacro_ver -L secureip --snapshot lasttest_behav xil_defaultlib.lasttest xil_defaultlib.glbl -log elaborate.log 
Using 2 slave threads.
Starting static elaboration
Completed static elaboration
Starting simulation data flow analysis
Completed simulation data flow analysis
Time Resolution for simulation is 1ps
Compiling module xil_defaultlib.MUX2_1_8bit
Compiling module xil_defaultlib.Full_Adder_1bit
Compiling module xil_defaultlib.Adder_Substractor_8bit
Compiling module xil_defaultlib.D_Latch
Compiling module xil_defaultlib.D_Flip_Flop
Compiling module xil_defaultlib.PART1_8bit
Compiling module xil_defaultlib.MUX4_1_8bit
Compiling module xil_defaultlib.PART2_a
Compiling module xil_defaultlib.PART2_b
Compiling module xil_defaultlib.Memory
Compiling module xil_defaultlib.MUX2_1_16bit
Compiling module xil_defaultlib.Adder_Substractor_16bit
Compiling module xil_defaultlib.PART1_16bit
Compiling module xil_defaultlib.PART2_c
Compiling module xil_defaultlib.MUX2_1_1bit
Compiling module xil_defaultlib.MUX16_4_8bit
Compiling module xil_defaultlib.MUX2_1_4bit
Compiling module xil_defaultlib.Adder_Substractor_4bit
Compiling module xil_defaultlib.ZCNO_register
Compiling module xil_defaultlib.PART3
Compiling module xil_defaultlib.ALUSystem
Compiling module xil_defaultlib.HardwiredControlUnit
Compiling module xil_defaultlib.lasttest
Compiling module xil_defaultlib.glbl
Built simulation snapshot lasttest_behav
INFO: [USF-XSim-69] 'elaborate' step finished in '2' seconds
INFO: [USF-XSim-4] XSim::Simulate design
INFO: [USF-XSim-61] Executing 'SIMULATE' step in 'C:/Users/mertc/Desktop/BLG222E-Project2/BLG-Project1/BLG-Project1.sim/sim_1/behav/xsim'
INFO: [USF-XSim-98] *** Running xsim
   with args "lasttest_behav -key {Behavioral:sim_1:Functional:lasttest} -tclbatch {lasttest.tcl} -log {simulate.log}"
INFO: [USF-XSim-8] Loading simulator feature
Vivado Simulator 2017.4
Time resolution is 1 ps
source lasttest.tcl
# set curr_wave [current_wave_config]
# if { [string length $curr_wave] == 0 } {
#   if { [llength [get_objects]] > 0} {
#     add_wave /
#     set_property needs_save false [current_wave_config]
#   } else {
#      send_msg_id Add_Wave-1 WARNING "No top level signals found. Simulator will start without a wave window. If you want to open a wave window go to 'File->New Waveform Configuration' or type 'create_wave_config' in the TCL console."
#   }
# }
# run 1000ns
INFO: [USF-XSim-96] XSim completed. Design snapshot 'lasttest_behav' loaded.
INFO: [USF-XSim-97] XSim simulation ran for 1000ns
restart
INFO: [Simtcl 6-17] Simulation restarted
run 5 ns
run 5 ns
run 5 ns
run 5 ns
run 5 ns
run 5 ns
run 5 ns
run 5 ns
run 5 ns
run 5 ns
run 5 ns
run 5 ns
run 5 ns
run 5 ns
run 5 ns
run 5 ns
run 5 ns
run 5 ns
run 5 ns
run 5 ns
run 5 ns
restart
INFO: [Simtcl 6-17] Simulation restarted
run 5 ns
close_sim
INFO: [Simtcl 6-16] Simulation closed
launch_simulation
INFO: [Vivado 12-5682] Launching behavioral simulation in 'C:/Users/mertc/Desktop/BLG222E-Project2/BLG-Project1/BLG-Project1.sim/sim_1/behav/xsim'
INFO: [SIM-utils-51] Simulation object is 'sim_1'
INFO: [SIM-utils-54] Inspecting design source files for 'lasttest' in fileset 'sim_1'...
INFO: [SIM-utils-43] Exported 'C:/Users/mertc/Desktop/BLG222E-Project2/BLG-Project1/BLG-Project1.sim/sim_1/behav/xsim/RAM.mem'
INFO: [SIM-utils-43] Exported 'C:/Users/mertc/Desktop/BLG222E-Project2/BLG-Project1/BLG-Project1.sim/sim_1/behav/xsim/RAM.mem'
INFO: [SIM-utils-43] Exported 'C:/Users/mertc/Desktop/BLG222E-Project2/BLG-Project1/BLG-Project1.sim/sim_1/behav/xsim/TestBench.mem'
INFO: [SIM-utils-43] Exported 'C:/Users/mertc/Desktop/BLG222E-Project2/BLG-Project1/BLG-Project1.sim/sim_1/behav/xsim/TestBench.mem'
INFO: [SIM-utils-43] Exported 'C:/Users/mertc/Desktop/BLG222E-Project2/BLG-Project1/BLG-Project1.sim/sim_1/behav/xsim/TestBench.mem'
INFO: [SIM-utils-43] Exported 'C:/Users/mertc/Desktop/BLG222E-Project2/BLG-Project1/BLG-Project1.sim/sim_1/behav/xsim/TestBench.mem'
INFO: [USF-XSim-97] Finding global include files...
INFO: [USF-XSim-98] Fetching design files from 'sim_1'...
INFO: [USF-XSim-2] XSim::Compile design
INFO: [USF-XSim-61] Executing 'COMPILE and ANALYZE' step in 'C:/Users/mertc/Desktop/BLG222E-Project2/BLG-Project1/BLG-Project1.sim/sim_1/behav/xsim'
"xvlog --incr --relax -prj lasttest_vlog.prj"
INFO: [VRFC 10-2263] Analyzing Verilog file "C:/Users/mertc/Desktop/BLG222E-Project2/BLG-Project1/BLG-Project1.srcs/sources_1/new/designs.v" into library xil_defaultlib
INFO: [VRFC 10-311] analyzing module D_Latch
INFO: [VRFC 10-311] analyzing module D_Flip_Flop
INFO: [VRFC 10-311] analyzing module MUX2_1_4bit
INFO: [VRFC 10-311] analyzing module MUX2_1_8bit
INFO: [VRFC 10-311] analyzing module MUX4_1_8bit
INFO: [VRFC 10-311] analyzing module MUX16_4_8bit
INFO: [VRFC 10-311] analyzing module MUX2_1_16bit
INFO: [VRFC 10-311] analyzing module MUX2_1_1bit
INFO: [VRFC 10-311] analyzing module Full_Adder_1bit
INFO: [VRFC 10-311] analyzing module Adder_Substractor_4bit
INFO: [VRFC 10-311] analyzing module Adder_Substractor_8bit
INFO: [VRFC 10-311] analyzing module Adder_Substractor_16bit
INFO: [VRFC 10-311] analyzing module ZCNO_register
INFO: [VRFC 10-311] analyzing module PART1_8bit
INFO: [VRFC 10-311] analyzing module PART1_16bit
INFO: [VRFC 10-311] analyzing module PART2_a
INFO: [VRFC 10-311] analyzing module PART2_b
INFO: [VRFC 10-311] analyzing module PART2_c
INFO: [VRFC 10-311] analyzing module PART3
INFO: [VRFC 10-311] analyzing module Memory
INFO: [VRFC 10-311] analyzing module ALUSystem
INFO: [VRFC 10-311] analyzing module HardwiredControlUnit
INFO: [VRFC 10-2263] Analyzing Verilog file "C:/Users/mertc/Desktop/BLG222E-Project2/BLG-Project1/BLG-Project1.srcs/sim_1/new/simulations.v" into library xil_defaultlib
INFO: [VRFC 10-311] analyzing module part1_8bit_test
INFO: [VRFC 10-311] analyzing module part1_16bit_test
INFO: [VRFC 10-311] analyzing module PART2_a_test
INFO: [VRFC 10-311] analyzing module PART2_b_test
INFO: [VRFC 10-311] analyzing module PART2_c_test
INFO: [VRFC 10-311] analyzing module PART3_test
INFO: [VRFC 10-311] analyzing module Project1Test
INFO: [VRFC 10-311] analyzing module lasttest
INFO: [USF-XSim-69] 'compile' step finished in '1' seconds
INFO: [USF-XSim-3] XSim::Elaborate design
INFO: [USF-XSim-61] Executing 'ELABORATE' step in 'C:/Users/mertc/Desktop/BLG222E-Project2/BLG-Project1/BLG-Project1.sim/sim_1/behav/xsim'
Vivado Simulator 2017.4
Copyright 1986-1999, 2001-2016 Xilinx, Inc. All Rights Reserved.
Running: D:/Vivado/2017.4/bin/unwrapped/win64.o/xelab.exe -wto f97be7fe3a3244819be057ad0ade57cb --incr --debug typical --relax --mt 2 -L xil_defaultlib -L unisims_ver -L unimacro_ver -L secureip --snapshot lasttest_behav xil_defaultlib.lasttest xil_defaultlib.glbl -log elaborate.log 
Using 2 slave threads.
Starting static elaboration
Completed static elaboration
Starting simulation data flow analysis
Completed simulation data flow analysis
Time Resolution for simulation is 1ps
Compiling module xil_defaultlib.MUX2_1_8bit
Compiling module xil_defaultlib.Full_Adder_1bit
Compiling module xil_defaultlib.Adder_Substractor_8bit
Compiling module xil_defaultlib.D_Latch
Compiling module xil_defaultlib.D_Flip_Flop
Compiling module xil_defaultlib.PART1_8bit
Compiling module xil_defaultlib.MUX4_1_8bit
Compiling module xil_defaultlib.PART2_a
Compiling module xil_defaultlib.PART2_b
Compiling module xil_defaultlib.Memory
Compiling module xil_defaultlib.MUX2_1_16bit
Compiling module xil_defaultlib.Adder_Substractor_16bit
Compiling module xil_defaultlib.PART1_16bit
Compiling module xil_defaultlib.PART2_c
Compiling module xil_defaultlib.MUX2_1_1bit
Compiling module xil_defaultlib.MUX16_4_8bit
Compiling module xil_defaultlib.MUX2_1_4bit
Compiling module xil_defaultlib.Adder_Substractor_4bit
Compiling module xil_defaultlib.ZCNO_register
Compiling module xil_defaultlib.PART3
Compiling module xil_defaultlib.ALUSystem
Compiling module xil_defaultlib.HardwiredControlUnit
Compiling module xil_defaultlib.lasttest
Compiling module xil_defaultlib.glbl
Built simulation snapshot lasttest_behav
INFO: [USF-XSim-69] 'elaborate' step finished in '2' seconds
INFO: [USF-XSim-4] XSim::Simulate design
INFO: [USF-XSim-61] Executing 'SIMULATE' step in 'C:/Users/mertc/Desktop/BLG222E-Project2/BLG-Project1/BLG-Project1.sim/sim_1/behav/xsim'
INFO: [USF-XSim-98] *** Running xsim
   with args "lasttest_behav -key {Behavioral:sim_1:Functional:lasttest} -tclbatch {lasttest.tcl} -log {simulate.log}"
INFO: [USF-XSim-8] Loading simulator feature
Vivado Simulator 2017.4
Time resolution is 1 ps
source lasttest.tcl
# set curr_wave [current_wave_config]
# if { [string length $curr_wave] == 0 } {
#   if { [llength [get_objects]] > 0} {
#     add_wave /
#     set_property needs_save false [current_wave_config]
#   } else {
#      send_msg_id Add_Wave-1 WARNING "No top level signals found. Simulator will start without a wave window. If you want to open a wave window go to 'File->New Waveform Configuration' or type 'create_wave_config' in the TCL console."
#   }
# }
# run 1000ns
INFO: [USF-XSim-96] XSim completed. Design snapshot 'lasttest_behav' loaded.
INFO: [USF-XSim-97] XSim simulation ran for 1000ns
restart
INFO: [Simtcl 6-17] Simulation restarted
run 5 ns
run 5 ns
run 5 ns
run 5 ns
restart
INFO: [Simtcl 6-17] Simulation restarted
run 5 ns
run 5 ns
run 5 ns
run 5 ns
close_sim
INFO: [Simtcl 6-16] Simulation closed
launch_simulation
INFO: [Vivado 12-5682] Launching behavioral simulation in 'C:/Users/mertc/Desktop/BLG222E-Project2/BLG-Project1/BLG-Project1.sim/sim_1/behav/xsim'
INFO: [SIM-utils-51] Simulation object is 'sim_1'
INFO: [SIM-utils-54] Inspecting design source files for 'lasttest' in fileset 'sim_1'...
INFO: [SIM-utils-43] Exported 'C:/Users/mertc/Desktop/BLG222E-Project2/BLG-Project1/BLG-Project1.sim/sim_1/behav/xsim/RAM.mem'
INFO: [SIM-utils-43] Exported 'C:/Users/mertc/Desktop/BLG222E-Project2/BLG-Project1/BLG-Project1.sim/sim_1/behav/xsim/RAM.mem'
INFO: [SIM-utils-43] Exported 'C:/Users/mertc/Desktop/BLG222E-Project2/BLG-Project1/BLG-Project1.sim/sim_1/behav/xsim/TestBench.mem'
INFO: [SIM-utils-43] Exported 'C:/Users/mertc/Desktop/BLG222E-Project2/BLG-Project1/BLG-Project1.sim/sim_1/behav/xsim/TestBench.mem'
INFO: [SIM-utils-43] Exported 'C:/Users/mertc/Desktop/BLG222E-Project2/BLG-Project1/BLG-Project1.sim/sim_1/behav/xsim/TestBench.mem'
INFO: [SIM-utils-43] Exported 'C:/Users/mertc/Desktop/BLG222E-Project2/BLG-Project1/BLG-Project1.sim/sim_1/behav/xsim/TestBench.mem'
INFO: [USF-XSim-97] Finding global include files...
INFO: [USF-XSim-98] Fetching design files from 'sim_1'...
INFO: [USF-XSim-2] XSim::Compile design
INFO: [USF-XSim-61] Executing 'COMPILE and ANALYZE' step in 'C:/Users/mertc/Desktop/BLG222E-Project2/BLG-Project1/BLG-Project1.sim/sim_1/behav/xsim'
"xvlog --incr --relax -prj lasttest_vlog.prj"
INFO: [VRFC 10-2263] Analyzing Verilog file "C:/Users/mertc/Desktop/BLG222E-Project2/BLG-Project1/BLG-Project1.srcs/sources_1/new/designs.v" into library xil_defaultlib
INFO: [VRFC 10-311] analyzing module D_Latch
INFO: [VRFC 10-311] analyzing module D_Flip_Flop
INFO: [VRFC 10-311] analyzing module MUX2_1_4bit
INFO: [VRFC 10-311] analyzing module MUX2_1_8bit
INFO: [VRFC 10-311] analyzing module MUX4_1_8bit
INFO: [VRFC 10-311] analyzing module MUX16_4_8bit
INFO: [VRFC 10-311] analyzing module MUX2_1_16bit
INFO: [VRFC 10-311] analyzing module MUX2_1_1bit
INFO: [VRFC 10-311] analyzing module Full_Adder_1bit
INFO: [VRFC 10-311] analyzing module Adder_Substractor_4bit
INFO: [VRFC 10-311] analyzing module Adder_Substractor_8bit
INFO: [VRFC 10-311] analyzing module Adder_Substractor_16bit
INFO: [VRFC 10-311] analyzing module ZCNO_register
INFO: [VRFC 10-311] analyzing module PART1_8bit
INFO: [VRFC 10-311] analyzing module PART1_16bit
INFO: [VRFC 10-311] analyzing module PART2_a
INFO: [VRFC 10-311] analyzing module PART2_b
INFO: [VRFC 10-311] analyzing module PART2_c
INFO: [VRFC 10-311] analyzing module PART3
INFO: [VRFC 10-311] analyzing module Memory
INFO: [VRFC 10-311] analyzing module ALUSystem
INFO: [VRFC 10-311] analyzing module HardwiredControlUnit
INFO: [VRFC 10-2263] Analyzing Verilog file "C:/Users/mertc/Desktop/BLG222E-Project2/BLG-Project1/BLG-Project1.srcs/sim_1/new/simulations.v" into library xil_defaultlib
INFO: [VRFC 10-311] analyzing module part1_8bit_test
INFO: [VRFC 10-311] analyzing module part1_16bit_test
INFO: [VRFC 10-311] analyzing module PART2_a_test
INFO: [VRFC 10-311] analyzing module PART2_b_test
INFO: [VRFC 10-311] analyzing module PART2_c_test
INFO: [VRFC 10-311] analyzing module PART3_test
INFO: [VRFC 10-311] analyzing module Project1Test
INFO: [VRFC 10-311] analyzing module lasttest
INFO: [USF-XSim-69] 'compile' step finished in '1' seconds
INFO: [USF-XSim-3] XSim::Elaborate design
INFO: [USF-XSim-61] Executing 'ELABORATE' step in 'C:/Users/mertc/Desktop/BLG222E-Project2/BLG-Project1/BLG-Project1.sim/sim_1/behav/xsim'
Vivado Simulator 2017.4
Copyright 1986-1999, 2001-2016 Xilinx, Inc. All Rights Reserved.
Running: D:/Vivado/2017.4/bin/unwrapped/win64.o/xelab.exe -wto f97be7fe3a3244819be057ad0ade57cb --incr --debug typical --relax --mt 2 -L xil_defaultlib -L unisims_ver -L unimacro_ver -L secureip --snapshot lasttest_behav xil_defaultlib.lasttest xil_defaultlib.glbl -log elaborate.log 
Using 2 slave threads.
Starting static elaboration
Completed static elaboration
Starting simulation data flow analysis
Completed simulation data flow analysis
Time Resolution for simulation is 1ps
Compiling module xil_defaultlib.MUX2_1_8bit
Compiling module xil_defaultlib.Full_Adder_1bit
Compiling module xil_defaultlib.Adder_Substractor_8bit
Compiling module xil_defaultlib.D_Latch
Compiling module xil_defaultlib.D_Flip_Flop
Compiling module xil_defaultlib.PART1_8bit
Compiling module xil_defaultlib.MUX4_1_8bit
Compiling module xil_defaultlib.PART2_a
Compiling module xil_defaultlib.PART2_b
Compiling module xil_defaultlib.Memory
Compiling module xil_defaultlib.MUX2_1_16bit
Compiling module xil_defaultlib.Adder_Substractor_16bit
Compiling module xil_defaultlib.PART1_16bit
Compiling module xil_defaultlib.PART2_c
Compiling module xil_defaultlib.MUX2_1_1bit
Compiling module xil_defaultlib.MUX16_4_8bit
Compiling module xil_defaultlib.MUX2_1_4bit
Compiling module xil_defaultlib.Adder_Substractor_4bit
Compiling module xil_defaultlib.ZCNO_register
Compiling module xil_defaultlib.PART3
Compiling module xil_defaultlib.ALUSystem
Compiling module xil_defaultlib.HardwiredControlUnit
Compiling module xil_defaultlib.lasttest
Compiling module xil_defaultlib.glbl
Built simulation snapshot lasttest_behav
INFO: [USF-XSim-69] 'elaborate' step finished in '2' seconds
INFO: [USF-XSim-4] XSim::Simulate design
INFO: [USF-XSim-61] Executing 'SIMULATE' step in 'C:/Users/mertc/Desktop/BLG222E-Project2/BLG-Project1/BLG-Project1.sim/sim_1/behav/xsim'
INFO: [USF-XSim-98] *** Running xsim
   with args "lasttest_behav -key {Behavioral:sim_1:Functional:lasttest} -tclbatch {lasttest.tcl} -log {simulate.log}"
INFO: [USF-XSim-8] Loading simulator feature
Vivado Simulator 2017.4
Time resolution is 1 ps
source lasttest.tcl
# set curr_wave [current_wave_config]
# if { [string length $curr_wave] == 0 } {
#   if { [llength [get_objects]] > 0} {
#     add_wave /
#     set_property needs_save false [current_wave_config]
#   } else {
#      send_msg_id Add_Wave-1 WARNING "No top level signals found. Simulator will start without a wave window. If you want to open a wave window go to 'File->New Waveform Configuration' or type 'create_wave_config' in the TCL console."
#   }
# }
# run 1000ns
INFO: [USF-XSim-96] XSim completed. Design snapshot 'lasttest_behav' loaded.
INFO: [USF-XSim-97] XSim simulation ran for 1000ns
restart
INFO: [Simtcl 6-17] Simulation restarted
run 5 ns
run 5 ns
run 5 ns
run 5 ns
run 5 ns
close_sim
INFO: [Simtcl 6-16] Simulation closed
launch_simulation
INFO: [Vivado 12-5682] Launching behavioral simulation in 'C:/Users/mertc/Desktop/BLG222E-Project2/BLG-Project1/BLG-Project1.sim/sim_1/behav/xsim'
INFO: [SIM-utils-51] Simulation object is 'sim_1'
INFO: [SIM-utils-54] Inspecting design source files for 'lasttest' in fileset 'sim_1'...
INFO: [SIM-utils-43] Exported 'C:/Users/mertc/Desktop/BLG222E-Project2/BLG-Project1/BLG-Project1.sim/sim_1/behav/xsim/RAM.mem'
INFO: [SIM-utils-43] Exported 'C:/Users/mertc/Desktop/BLG222E-Project2/BLG-Project1/BLG-Project1.sim/sim_1/behav/xsim/RAM.mem'
INFO: [SIM-utils-43] Exported 'C:/Users/mertc/Desktop/BLG222E-Project2/BLG-Project1/BLG-Project1.sim/sim_1/behav/xsim/TestBench.mem'
INFO: [SIM-utils-43] Exported 'C:/Users/mertc/Desktop/BLG222E-Project2/BLG-Project1/BLG-Project1.sim/sim_1/behav/xsim/TestBench.mem'
INFO: [SIM-utils-43] Exported 'C:/Users/mertc/Desktop/BLG222E-Project2/BLG-Project1/BLG-Project1.sim/sim_1/behav/xsim/TestBench.mem'
INFO: [SIM-utils-43] Exported 'C:/Users/mertc/Desktop/BLG222E-Project2/BLG-Project1/BLG-Project1.sim/sim_1/behav/xsim/TestBench.mem'
INFO: [USF-XSim-97] Finding global include files...
INFO: [USF-XSim-98] Fetching design files from 'sim_1'...
INFO: [USF-XSim-2] XSim::Compile design
INFO: [USF-XSim-61] Executing 'COMPILE and ANALYZE' step in 'C:/Users/mertc/Desktop/BLG222E-Project2/BLG-Project1/BLG-Project1.sim/sim_1/behav/xsim'
"xvlog --incr --relax -prj lasttest_vlog.prj"
INFO: [VRFC 10-2263] Analyzing Verilog file "C:/Users/mertc/Desktop/BLG222E-Project2/BLG-Project1/BLG-Project1.srcs/sources_1/new/designs.v" into library xil_defaultlib
INFO: [VRFC 10-311] analyzing module D_Latch
INFO: [VRFC 10-311] analyzing module D_Flip_Flop
INFO: [VRFC 10-311] analyzing module MUX2_1_4bit
INFO: [VRFC 10-311] analyzing module MUX2_1_8bit
INFO: [VRFC 10-311] analyzing module MUX4_1_8bit
INFO: [VRFC 10-311] analyzing module MUX16_4_8bit
INFO: [VRFC 10-311] analyzing module MUX2_1_16bit
INFO: [VRFC 10-311] analyzing module MUX2_1_1bit
INFO: [VRFC 10-311] analyzing module Full_Adder_1bit
INFO: [VRFC 10-311] analyzing module Adder_Substractor_4bit
INFO: [VRFC 10-311] analyzing module Adder_Substractor_8bit
INFO: [VRFC 10-311] analyzing module Adder_Substractor_16bit
INFO: [VRFC 10-311] analyzing module ZCNO_register
INFO: [VRFC 10-311] analyzing module PART1_8bit
INFO: [VRFC 10-311] analyzing module PART1_16bit
INFO: [VRFC 10-311] analyzing module PART2_a
INFO: [VRFC 10-311] analyzing module PART2_b
INFO: [VRFC 10-311] analyzing module PART2_c
INFO: [VRFC 10-311] analyzing module PART3
INFO: [VRFC 10-311] analyzing module Memory
INFO: [VRFC 10-311] analyzing module ALUSystem
INFO: [VRFC 10-311] analyzing module HardwiredControlUnit
INFO: [VRFC 10-2263] Analyzing Verilog file "C:/Users/mertc/Desktop/BLG222E-Project2/BLG-Project1/BLG-Project1.srcs/sim_1/new/simulations.v" into library xil_defaultlib
INFO: [VRFC 10-311] analyzing module part1_8bit_test
INFO: [VRFC 10-311] analyzing module part1_16bit_test
INFO: [VRFC 10-311] analyzing module PART2_a_test
INFO: [VRFC 10-311] analyzing module PART2_b_test
INFO: [VRFC 10-311] analyzing module PART2_c_test
INFO: [VRFC 10-311] analyzing module PART3_test
INFO: [VRFC 10-311] analyzing module Project1Test
INFO: [VRFC 10-311] analyzing module lasttest
INFO: [USF-XSim-69] 'compile' step finished in '1' seconds
INFO: [USF-XSim-3] XSim::Elaborate design
INFO: [USF-XSim-61] Executing 'ELABORATE' step in 'C:/Users/mertc/Desktop/BLG222E-Project2/BLG-Project1/BLG-Project1.sim/sim_1/behav/xsim'
Vivado Simulator 2017.4
Copyright 1986-1999, 2001-2016 Xilinx, Inc. All Rights Reserved.
Running: D:/Vivado/2017.4/bin/unwrapped/win64.o/xelab.exe -wto f97be7fe3a3244819be057ad0ade57cb --incr --debug typical --relax --mt 2 -L xil_defaultlib -L unisims_ver -L unimacro_ver -L secureip --snapshot lasttest_behav xil_defaultlib.lasttest xil_defaultlib.glbl -log elaborate.log 
Using 2 slave threads.
Starting static elaboration
Completed static elaboration
Starting simulation data flow analysis
Completed simulation data flow analysis
Time Resolution for simulation is 1ps
Compiling module xil_defaultlib.MUX2_1_8bit
Compiling module xil_defaultlib.Full_Adder_1bit
Compiling module xil_defaultlib.Adder_Substractor_8bit
Compiling module xil_defaultlib.D_Latch
Compiling module xil_defaultlib.D_Flip_Flop
Compiling module xil_defaultlib.PART1_8bit
Compiling module xil_defaultlib.MUX4_1_8bit
Compiling module xil_defaultlib.PART2_a
Compiling module xil_defaultlib.PART2_b
Compiling module xil_defaultlib.Memory
Compiling module xil_defaultlib.MUX2_1_16bit
Compiling module xil_defaultlib.Adder_Substractor_16bit
Compiling module xil_defaultlib.PART1_16bit
Compiling module xil_defaultlib.PART2_c
Compiling module xil_defaultlib.MUX2_1_1bit
Compiling module xil_defaultlib.MUX16_4_8bit
Compiling module xil_defaultlib.MUX2_1_4bit
Compiling module xil_defaultlib.Adder_Substractor_4bit
Compiling module xil_defaultlib.ZCNO_register
Compiling module xil_defaultlib.PART3
Compiling module xil_defaultlib.ALUSystem
Compiling module xil_defaultlib.HardwiredControlUnit
Compiling module xil_defaultlib.lasttest
Compiling module xil_defaultlib.glbl
Built simulation snapshot lasttest_behav
INFO: [USF-XSim-69] 'elaborate' step finished in '2' seconds
INFO: [USF-XSim-4] XSim::Simulate design
INFO: [USF-XSim-61] Executing 'SIMULATE' step in 'C:/Users/mertc/Desktop/BLG222E-Project2/BLG-Project1/BLG-Project1.sim/sim_1/behav/xsim'
INFO: [USF-XSim-98] *** Running xsim
   with args "lasttest_behav -key {Behavioral:sim_1:Functional:lasttest} -tclbatch {lasttest.tcl} -log {simulate.log}"
INFO: [USF-XSim-8] Loading simulator feature
Vivado Simulator 2017.4
Time resolution is 1 ps
source lasttest.tcl
# set curr_wave [current_wave_config]
# if { [string length $curr_wave] == 0 } {
#   if { [llength [get_objects]] > 0} {
#     add_wave /
#     set_property needs_save false [current_wave_config]
#   } else {
#      send_msg_id Add_Wave-1 WARNING "No top level signals found. Simulator will start without a wave window. If you want to open a wave window go to 'File->New Waveform Configuration' or type 'create_wave_config' in the TCL console."
#   }
# }
# run 1000ns
INFO: [USF-XSim-96] XSim completed. Design snapshot 'lasttest_behav' loaded.
INFO: [USF-XSim-97] XSim simulation ran for 1000ns
restart
INFO: [Simtcl 6-17] Simulation restarted
run 5 ns
run 5 ns
run 5 ns
run 5 ns
close_sim
INFO: [Simtcl 6-16] Simulation closed
launch_simulation
INFO: [Vivado 12-5682] Launching behavioral simulation in 'C:/Users/mertc/Desktop/BLG222E-Project2/BLG-Project1/BLG-Project1.sim/sim_1/behav/xsim'
INFO: [SIM-utils-51] Simulation object is 'sim_1'
INFO: [SIM-utils-54] Inspecting design source files for 'lasttest' in fileset 'sim_1'...
INFO: [SIM-utils-43] Exported 'C:/Users/mertc/Desktop/BLG222E-Project2/BLG-Project1/BLG-Project1.sim/sim_1/behav/xsim/RAM.mem'
INFO: [SIM-utils-43] Exported 'C:/Users/mertc/Desktop/BLG222E-Project2/BLG-Project1/BLG-Project1.sim/sim_1/behav/xsim/RAM.mem'
INFO: [SIM-utils-43] Exported 'C:/Users/mertc/Desktop/BLG222E-Project2/BLG-Project1/BLG-Project1.sim/sim_1/behav/xsim/TestBench.mem'
INFO: [SIM-utils-43] Exported 'C:/Users/mertc/Desktop/BLG222E-Project2/BLG-Project1/BLG-Project1.sim/sim_1/behav/xsim/TestBench.mem'
INFO: [SIM-utils-43] Exported 'C:/Users/mertc/Desktop/BLG222E-Project2/BLG-Project1/BLG-Project1.sim/sim_1/behav/xsim/TestBench.mem'
INFO: [SIM-utils-43] Exported 'C:/Users/mertc/Desktop/BLG222E-Project2/BLG-Project1/BLG-Project1.sim/sim_1/behav/xsim/TestBench.mem'
INFO: [USF-XSim-97] Finding global include files...
INFO: [USF-XSim-98] Fetching design files from 'sim_1'...
INFO: [USF-XSim-2] XSim::Compile design
INFO: [USF-XSim-61] Executing 'COMPILE and ANALYZE' step in 'C:/Users/mertc/Desktop/BLG222E-Project2/BLG-Project1/BLG-Project1.sim/sim_1/behav/xsim'
"xvlog --incr --relax -prj lasttest_vlog.prj"
INFO: [VRFC 10-2263] Analyzing Verilog file "C:/Users/mertc/Desktop/BLG222E-Project2/BLG-Project1/BLG-Project1.srcs/sources_1/new/designs.v" into library xil_defaultlib
INFO: [VRFC 10-311] analyzing module D_Latch
INFO: [VRFC 10-311] analyzing module D_Flip_Flop
INFO: [VRFC 10-311] analyzing module MUX2_1_4bit
INFO: [VRFC 10-311] analyzing module MUX2_1_8bit
INFO: [VRFC 10-311] analyzing module MUX4_1_8bit
INFO: [VRFC 10-311] analyzing module MUX16_4_8bit
INFO: [VRFC 10-311] analyzing module MUX2_1_16bit
INFO: [VRFC 10-311] analyzing module MUX2_1_1bit
INFO: [VRFC 10-311] analyzing module Full_Adder_1bit
INFO: [VRFC 10-311] analyzing module Adder_Substractor_4bit
INFO: [VRFC 10-311] analyzing module Adder_Substractor_8bit
INFO: [VRFC 10-311] analyzing module Adder_Substractor_16bit
INFO: [VRFC 10-311] analyzing module ZCNO_register
INFO: [VRFC 10-311] analyzing module PART1_8bit
INFO: [VRFC 10-311] analyzing module PART1_16bit
INFO: [VRFC 10-311] analyzing module PART2_a
INFO: [VRFC 10-311] analyzing module PART2_b
INFO: [VRFC 10-311] analyzing module PART2_c
INFO: [VRFC 10-311] analyzing module PART3
INFO: [VRFC 10-311] analyzing module Memory
INFO: [VRFC 10-311] analyzing module ALUSystem
INFO: [VRFC 10-311] analyzing module HardwiredControlUnit
INFO: [VRFC 10-2263] Analyzing Verilog file "C:/Users/mertc/Desktop/BLG222E-Project2/BLG-Project1/BLG-Project1.srcs/sim_1/new/simulations.v" into library xil_defaultlib
INFO: [VRFC 10-311] analyzing module part1_8bit_test
INFO: [VRFC 10-311] analyzing module part1_16bit_test
INFO: [VRFC 10-311] analyzing module PART2_a_test
INFO: [VRFC 10-311] analyzing module PART2_b_test
INFO: [VRFC 10-311] analyzing module PART2_c_test
INFO: [VRFC 10-311] analyzing module PART3_test
INFO: [VRFC 10-311] analyzing module Project1Test
INFO: [VRFC 10-311] analyzing module lasttest
INFO: [USF-XSim-69] 'compile' step finished in '1' seconds
INFO: [USF-XSim-3] XSim::Elaborate design
INFO: [USF-XSim-61] Executing 'ELABORATE' step in 'C:/Users/mertc/Desktop/BLG222E-Project2/BLG-Project1/BLG-Project1.sim/sim_1/behav/xsim'
Vivado Simulator 2017.4
Copyright 1986-1999, 2001-2016 Xilinx, Inc. All Rights Reserved.
Running: D:/Vivado/2017.4/bin/unwrapped/win64.o/xelab.exe -wto f97be7fe3a3244819be057ad0ade57cb --incr --debug typical --relax --mt 2 -L xil_defaultlib -L unisims_ver -L unimacro_ver -L secureip --snapshot lasttest_behav xil_defaultlib.lasttest xil_defaultlib.glbl -log elaborate.log 
Using 2 slave threads.
Starting static elaboration
Completed static elaboration
Starting simulation data flow analysis
Completed simulation data flow analysis
Time Resolution for simulation is 1ps
Compiling module xil_defaultlib.MUX2_1_8bit
Compiling module xil_defaultlib.Full_Adder_1bit
Compiling module xil_defaultlib.Adder_Substractor_8bit
Compiling module xil_defaultlib.D_Latch
Compiling module xil_defaultlib.D_Flip_Flop
Compiling module xil_defaultlib.PART1_8bit
Compiling module xil_defaultlib.MUX4_1_8bit
Compiling module xil_defaultlib.PART2_a
Compiling module xil_defaultlib.PART2_b
Compiling module xil_defaultlib.Memory
Compiling module xil_defaultlib.MUX2_1_16bit
Compiling module xil_defaultlib.Adder_Substractor_16bit
Compiling module xil_defaultlib.PART1_16bit
Compiling module xil_defaultlib.PART2_c
Compiling module xil_defaultlib.MUX2_1_1bit
Compiling module xil_defaultlib.MUX16_4_8bit
Compiling module xil_defaultlib.MUX2_1_4bit
Compiling module xil_defaultlib.Adder_Substractor_4bit
Compiling module xil_defaultlib.ZCNO_register
Compiling module xil_defaultlib.PART3
Compiling module xil_defaultlib.ALUSystem
Compiling module xil_defaultlib.HardwiredControlUnit
Compiling module xil_defaultlib.lasttest
Compiling module xil_defaultlib.glbl
Built simulation snapshot lasttest_behav
INFO: [USF-XSim-69] 'elaborate' step finished in '2' seconds
INFO: [USF-XSim-4] XSim::Simulate design
INFO: [USF-XSim-61] Executing 'SIMULATE' step in 'C:/Users/mertc/Desktop/BLG222E-Project2/BLG-Project1/BLG-Project1.sim/sim_1/behav/xsim'
INFO: [USF-XSim-98] *** Running xsim
   with args "lasttest_behav -key {Behavioral:sim_1:Functional:lasttest} -tclbatch {lasttest.tcl} -log {simulate.log}"
INFO: [USF-XSim-8] Loading simulator feature
Vivado Simulator 2017.4
Time resolution is 1 ps
source lasttest.tcl
# set curr_wave [current_wave_config]
# if { [string length $curr_wave] == 0 } {
#   if { [llength [get_objects]] > 0} {
#     add_wave /
#     set_property needs_save false [current_wave_config]
#   } else {
#      send_msg_id Add_Wave-1 WARNING "No top level signals found. Simulator will start without a wave window. If you want to open a wave window go to 'File->New Waveform Configuration' or type 'create_wave_config' in the TCL console."
#   }
# }
# run 1000ns
INFO: [USF-XSim-96] XSim completed. Design snapshot 'lasttest_behav' loaded.
INFO: [USF-XSim-97] XSim simulation ran for 1000ns
restart
INFO: [Simtcl 6-17] Simulation restarted
run 5 ns
run 5 ns
run 5 ns
run 5 ns
run 5 ns
close_sim
INFO: [Simtcl 6-16] Simulation closed
launch_simulation
INFO: [Vivado 12-5682] Launching behavioral simulation in 'C:/Users/mertc/Desktop/BLG222E-Project2/BLG-Project1/BLG-Project1.sim/sim_1/behav/xsim'
INFO: [SIM-utils-51] Simulation object is 'sim_1'
INFO: [SIM-utils-54] Inspecting design source files for 'lasttest' in fileset 'sim_1'...
INFO: [SIM-utils-43] Exported 'C:/Users/mertc/Desktop/BLG222E-Project2/BLG-Project1/BLG-Project1.sim/sim_1/behav/xsim/RAM.mem'
INFO: [SIM-utils-43] Exported 'C:/Users/mertc/Desktop/BLG222E-Project2/BLG-Project1/BLG-Project1.sim/sim_1/behav/xsim/RAM.mem'
INFO: [SIM-utils-43] Exported 'C:/Users/mertc/Desktop/BLG222E-Project2/BLG-Project1/BLG-Project1.sim/sim_1/behav/xsim/TestBench.mem'
INFO: [SIM-utils-43] Exported 'C:/Users/mertc/Desktop/BLG222E-Project2/BLG-Project1/BLG-Project1.sim/sim_1/behav/xsim/TestBench.mem'
INFO: [SIM-utils-43] Exported 'C:/Users/mertc/Desktop/BLG222E-Project2/BLG-Project1/BLG-Project1.sim/sim_1/behav/xsim/TestBench.mem'
INFO: [SIM-utils-43] Exported 'C:/Users/mertc/Desktop/BLG222E-Project2/BLG-Project1/BLG-Project1.sim/sim_1/behav/xsim/TestBench.mem'
INFO: [USF-XSim-97] Finding global include files...
INFO: [USF-XSim-98] Fetching design files from 'sim_1'...
INFO: [USF-XSim-2] XSim::Compile design
INFO: [USF-XSim-61] Executing 'COMPILE and ANALYZE' step in 'C:/Users/mertc/Desktop/BLG222E-Project2/BLG-Project1/BLG-Project1.sim/sim_1/behav/xsim'
"xvlog --incr --relax -prj lasttest_vlog.prj"
INFO: [VRFC 10-2263] Analyzing Verilog file "C:/Users/mertc/Desktop/BLG222E-Project2/BLG-Project1/BLG-Project1.srcs/sources_1/new/designs.v" into library xil_defaultlib
INFO: [VRFC 10-311] analyzing module D_Latch
INFO: [VRFC 10-311] analyzing module D_Flip_Flop
INFO: [VRFC 10-311] analyzing module MUX2_1_4bit
INFO: [VRFC 10-311] analyzing module MUX2_1_8bit
INFO: [VRFC 10-311] analyzing module MUX4_1_8bit
INFO: [VRFC 10-311] analyzing module MUX16_4_8bit
INFO: [VRFC 10-311] analyzing module MUX2_1_16bit
INFO: [VRFC 10-311] analyzing module MUX2_1_1bit
INFO: [VRFC 10-311] analyzing module Full_Adder_1bit
INFO: [VRFC 10-311] analyzing module Adder_Substractor_4bit
INFO: [VRFC 10-311] analyzing module Adder_Substractor_8bit
INFO: [VRFC 10-311] analyzing module Adder_Substractor_16bit
INFO: [VRFC 10-311] analyzing module ZCNO_register
INFO: [VRFC 10-311] analyzing module PART1_8bit
INFO: [VRFC 10-311] analyzing module PART1_16bit
INFO: [VRFC 10-311] analyzing module PART2_a
INFO: [VRFC 10-311] analyzing module PART2_b
INFO: [VRFC 10-311] analyzing module PART2_c
INFO: [VRFC 10-311] analyzing module PART3
INFO: [VRFC 10-311] analyzing module Memory
INFO: [VRFC 10-311] analyzing module ALUSystem
INFO: [VRFC 10-311] analyzing module HardwiredControlUnit
INFO: [VRFC 10-2263] Analyzing Verilog file "C:/Users/mertc/Desktop/BLG222E-Project2/BLG-Project1/BLG-Project1.srcs/sim_1/new/simulations.v" into library xil_defaultlib
INFO: [VRFC 10-311] analyzing module part1_8bit_test
INFO: [VRFC 10-311] analyzing module part1_16bit_test
INFO: [VRFC 10-311] analyzing module PART2_a_test
INFO: [VRFC 10-311] analyzing module PART2_b_test
INFO: [VRFC 10-311] analyzing module PART2_c_test
INFO: [VRFC 10-311] analyzing module PART3_test
INFO: [VRFC 10-311] analyzing module Project1Test
INFO: [VRFC 10-311] analyzing module lasttest
INFO: [USF-XSim-69] 'compile' step finished in '1' seconds
INFO: [USF-XSim-3] XSim::Elaborate design
INFO: [USF-XSim-61] Executing 'ELABORATE' step in 'C:/Users/mertc/Desktop/BLG222E-Project2/BLG-Project1/BLG-Project1.sim/sim_1/behav/xsim'
Vivado Simulator 2017.4
Copyright 1986-1999, 2001-2016 Xilinx, Inc. All Rights Reserved.
Running: D:/Vivado/2017.4/bin/unwrapped/win64.o/xelab.exe -wto f97be7fe3a3244819be057ad0ade57cb --incr --debug typical --relax --mt 2 -L xil_defaultlib -L unisims_ver -L unimacro_ver -L secureip --snapshot lasttest_behav xil_defaultlib.lasttest xil_defaultlib.glbl -log elaborate.log 
Using 2 slave threads.
Starting static elaboration
Completed static elaboration
Starting simulation data flow analysis
Completed simulation data flow analysis
Time Resolution for simulation is 1ps
Compiling module xil_defaultlib.MUX2_1_8bit
Compiling module xil_defaultlib.Full_Adder_1bit
Compiling module xil_defaultlib.Adder_Substractor_8bit
Compiling module xil_defaultlib.D_Latch
Compiling module xil_defaultlib.D_Flip_Flop
Compiling module xil_defaultlib.PART1_8bit
Compiling module xil_defaultlib.MUX4_1_8bit
Compiling module xil_defaultlib.PART2_a
Compiling module xil_defaultlib.PART2_b
Compiling module xil_defaultlib.Memory
Compiling module xil_defaultlib.MUX2_1_16bit
Compiling module xil_defaultlib.Adder_Substractor_16bit
Compiling module xil_defaultlib.PART1_16bit
Compiling module xil_defaultlib.PART2_c
Compiling module xil_defaultlib.MUX2_1_1bit
Compiling module xil_defaultlib.MUX16_4_8bit
Compiling module xil_defaultlib.MUX2_1_4bit
Compiling module xil_defaultlib.Adder_Substractor_4bit
Compiling module xil_defaultlib.ZCNO_register
Compiling module xil_defaultlib.PART3
Compiling module xil_defaultlib.ALUSystem
Compiling module xil_defaultlib.HardwiredControlUnit
Compiling module xil_defaultlib.lasttest
Compiling module xil_defaultlib.glbl
Built simulation snapshot lasttest_behav
INFO: [USF-XSim-69] 'elaborate' step finished in '2' seconds
INFO: [USF-XSim-4] XSim::Simulate design
INFO: [USF-XSim-61] Executing 'SIMULATE' step in 'C:/Users/mertc/Desktop/BLG222E-Project2/BLG-Project1/BLG-Project1.sim/sim_1/behav/xsim'
INFO: [USF-XSim-98] *** Running xsim
   with args "lasttest_behav -key {Behavioral:sim_1:Functional:lasttest} -tclbatch {lasttest.tcl} -log {simulate.log}"
INFO: [USF-XSim-8] Loading simulator feature
Vivado Simulator 2017.4
Time resolution is 1 ps
source lasttest.tcl
# set curr_wave [current_wave_config]
# if { [string length $curr_wave] == 0 } {
#   if { [llength [get_objects]] > 0} {
#     add_wave /
#     set_property needs_save false [current_wave_config]
#   } else {
#      send_msg_id Add_Wave-1 WARNING "No top level signals found. Simulator will start without a wave window. If you want to open a wave window go to 'File->New Waveform Configuration' or type 'create_wave_config' in the TCL console."
#   }
# }
# run 1000ns
INFO: [USF-XSim-96] XSim completed. Design snapshot 'lasttest_behav' loaded.
INFO: [USF-XSim-97] XSim simulation ran for 1000ns
restart
INFO: [Simtcl 6-17] Simulation restarted
run 5 ns
run 5 ns
run 5 ns
run 5 ns
run 5 ns
close_sim
INFO: [Simtcl 6-16] Simulation closed
launch_simulation
INFO: [Vivado 12-5682] Launching behavioral simulation in 'C:/Users/mertc/Desktop/BLG222E-Project2/BLG-Project1/BLG-Project1.sim/sim_1/behav/xsim'
INFO: [SIM-utils-51] Simulation object is 'sim_1'
INFO: [SIM-utils-54] Inspecting design source files for 'lasttest' in fileset 'sim_1'...
INFO: [SIM-utils-43] Exported 'C:/Users/mertc/Desktop/BLG222E-Project2/BLG-Project1/BLG-Project1.sim/sim_1/behav/xsim/RAM.mem'
INFO: [SIM-utils-43] Exported 'C:/Users/mertc/Desktop/BLG222E-Project2/BLG-Project1/BLG-Project1.sim/sim_1/behav/xsim/RAM.mem'
INFO: [SIM-utils-43] Exported 'C:/Users/mertc/Desktop/BLG222E-Project2/BLG-Project1/BLG-Project1.sim/sim_1/behav/xsim/TestBench.mem'
INFO: [SIM-utils-43] Exported 'C:/Users/mertc/Desktop/BLG222E-Project2/BLG-Project1/BLG-Project1.sim/sim_1/behav/xsim/TestBench.mem'
INFO: [SIM-utils-43] Exported 'C:/Users/mertc/Desktop/BLG222E-Project2/BLG-Project1/BLG-Project1.sim/sim_1/behav/xsim/TestBench.mem'
INFO: [SIM-utils-43] Exported 'C:/Users/mertc/Desktop/BLG222E-Project2/BLG-Project1/BLG-Project1.sim/sim_1/behav/xsim/TestBench.mem'
INFO: [USF-XSim-97] Finding global include files...
INFO: [USF-XSim-98] Fetching design files from 'sim_1'...
INFO: [USF-XSim-2] XSim::Compile design
INFO: [USF-XSim-61] Executing 'COMPILE and ANALYZE' step in 'C:/Users/mertc/Desktop/BLG222E-Project2/BLG-Project1/BLG-Project1.sim/sim_1/behav/xsim'
"xvlog --incr --relax -prj lasttest_vlog.prj"
INFO: [VRFC 10-2263] Analyzing Verilog file "C:/Users/mertc/Desktop/BLG222E-Project2/BLG-Project1/BLG-Project1.srcs/sources_1/new/designs.v" into library xil_defaultlib
INFO: [VRFC 10-311] analyzing module D_Latch
INFO: [VRFC 10-311] analyzing module D_Flip_Flop
INFO: [VRFC 10-311] analyzing module MUX2_1_4bit
INFO: [VRFC 10-311] analyzing module MUX2_1_8bit
INFO: [VRFC 10-311] analyzing module MUX4_1_8bit
INFO: [VRFC 10-311] analyzing module MUX16_4_8bit
INFO: [VRFC 10-311] analyzing module MUX2_1_16bit
INFO: [VRFC 10-311] analyzing module MUX2_1_1bit
INFO: [VRFC 10-311] analyzing module Full_Adder_1bit
INFO: [VRFC 10-311] analyzing module Adder_Substractor_4bit
INFO: [VRFC 10-311] analyzing module Adder_Substractor_8bit
INFO: [VRFC 10-311] analyzing module Adder_Substractor_16bit
INFO: [VRFC 10-311] analyzing module ZCNO_register
INFO: [VRFC 10-311] analyzing module PART1_8bit
INFO: [VRFC 10-311] analyzing module PART1_16bit
INFO: [VRFC 10-311] analyzing module PART2_a
INFO: [VRFC 10-311] analyzing module PART2_b
INFO: [VRFC 10-311] analyzing module PART2_c
INFO: [VRFC 10-311] analyzing module PART3
INFO: [VRFC 10-311] analyzing module Memory
INFO: [VRFC 10-311] analyzing module ALUSystem
INFO: [VRFC 10-311] analyzing module HardwiredControlUnit
INFO: [VRFC 10-2263] Analyzing Verilog file "C:/Users/mertc/Desktop/BLG222E-Project2/BLG-Project1/BLG-Project1.srcs/sim_1/new/simulations.v" into library xil_defaultlib
INFO: [VRFC 10-311] analyzing module part1_8bit_test
INFO: [VRFC 10-311] analyzing module part1_16bit_test
INFO: [VRFC 10-311] analyzing module PART2_a_test
INFO: [VRFC 10-311] analyzing module PART2_b_test
INFO: [VRFC 10-311] analyzing module PART2_c_test
INFO: [VRFC 10-311] analyzing module PART3_test
INFO: [VRFC 10-311] analyzing module Project1Test
INFO: [VRFC 10-311] analyzing module lasttest
INFO: [USF-XSim-69] 'compile' step finished in '1' seconds
INFO: [USF-XSim-3] XSim::Elaborate design
INFO: [USF-XSim-61] Executing 'ELABORATE' step in 'C:/Users/mertc/Desktop/BLG222E-Project2/BLG-Project1/BLG-Project1.sim/sim_1/behav/xsim'
Vivado Simulator 2017.4
Copyright 1986-1999, 2001-2016 Xilinx, Inc. All Rights Reserved.
Running: D:/Vivado/2017.4/bin/unwrapped/win64.o/xelab.exe -wto f97be7fe3a3244819be057ad0ade57cb --incr --debug typical --relax --mt 2 -L xil_defaultlib -L unisims_ver -L unimacro_ver -L secureip --snapshot lasttest_behav xil_defaultlib.lasttest xil_defaultlib.glbl -log elaborate.log 
Using 2 slave threads.
Starting static elaboration
Completed static elaboration
Starting simulation data flow analysis
Completed simulation data flow analysis
Time Resolution for simulation is 1ps
Compiling module xil_defaultlib.MUX2_1_8bit
Compiling module xil_defaultlib.Full_Adder_1bit
Compiling module xil_defaultlib.Adder_Substractor_8bit
Compiling module xil_defaultlib.D_Latch
Compiling module xil_defaultlib.D_Flip_Flop
Compiling module xil_defaultlib.PART1_8bit
Compiling module xil_defaultlib.MUX4_1_8bit
Compiling module xil_defaultlib.PART2_a
Compiling module xil_defaultlib.PART2_b
Compiling module xil_defaultlib.Memory
Compiling module xil_defaultlib.MUX2_1_16bit
Compiling module xil_defaultlib.Adder_Substractor_16bit
Compiling module xil_defaultlib.PART1_16bit
Compiling module xil_defaultlib.PART2_c
Compiling module xil_defaultlib.MUX2_1_1bit
Compiling module xil_defaultlib.MUX16_4_8bit
Compiling module xil_defaultlib.MUX2_1_4bit
Compiling module xil_defaultlib.Adder_Substractor_4bit
Compiling module xil_defaultlib.ZCNO_register
Compiling module xil_defaultlib.PART3
Compiling module xil_defaultlib.ALUSystem
Compiling module xil_defaultlib.HardwiredControlUnit
Compiling module xil_defaultlib.lasttest
Compiling module xil_defaultlib.glbl
Built simulation snapshot lasttest_behav
INFO: [USF-XSim-69] 'elaborate' step finished in '2' seconds
INFO: [USF-XSim-4] XSim::Simulate design
INFO: [USF-XSim-61] Executing 'SIMULATE' step in 'C:/Users/mertc/Desktop/BLG222E-Project2/BLG-Project1/BLG-Project1.sim/sim_1/behav/xsim'
INFO: [USF-XSim-98] *** Running xsim
   with args "lasttest_behav -key {Behavioral:sim_1:Functional:lasttest} -tclbatch {lasttest.tcl} -log {simulate.log}"
INFO: [USF-XSim-8] Loading simulator feature
Vivado Simulator 2017.4
Time resolution is 1 ps
source lasttest.tcl
# set curr_wave [current_wave_config]
# if { [string length $curr_wave] == 0 } {
#   if { [llength [get_objects]] > 0} {
#     add_wave /
#     set_property needs_save false [current_wave_config]
#   } else {
#      send_msg_id Add_Wave-1 WARNING "No top level signals found. Simulator will start without a wave window. If you want to open a wave window go to 'File->New Waveform Configuration' or type 'create_wave_config' in the TCL console."
#   }
# }
# run 1000ns
INFO: [USF-XSim-96] XSim completed. Design snapshot 'lasttest_behav' loaded.
INFO: [USF-XSim-97] XSim simulation ran for 1000ns
restart
INFO: [Simtcl 6-17] Simulation restarted
run 5 ns
run 5 ns
run 5 ns
run 5 ns
run 5 ns
run 5 ns
run 5 ns
run 5 ns
run 5 ns
run 5 ns
run 5 ns
run 5 ns
run 5 ns
run 5 ns
run 5 ns
run 5 ns
run 5 ns
run 5 ns
run 5 ns
run 5 ns
run 5 ns
run 5 ns
run 5 ns
restart
INFO: [Simtcl 6-17] Simulation restarted
run 5 ns
run 5 ns
run 5 ns
run 5 ns
close_sim
INFO: [Simtcl 6-16] Simulation closed
launch_simulation
INFO: [Vivado 12-5682] Launching behavioral simulation in 'C:/Users/mertc/Desktop/BLG222E-Project2/BLG-Project1/BLG-Project1.sim/sim_1/behav/xsim'
INFO: [SIM-utils-51] Simulation object is 'sim_1'
INFO: [SIM-utils-54] Inspecting design source files for 'lasttest' in fileset 'sim_1'...
INFO: [SIM-utils-43] Exported 'C:/Users/mertc/Desktop/BLG222E-Project2/BLG-Project1/BLG-Project1.sim/sim_1/behav/xsim/RAM.mem'
INFO: [SIM-utils-43] Exported 'C:/Users/mertc/Desktop/BLG222E-Project2/BLG-Project1/BLG-Project1.sim/sim_1/behav/xsim/RAM.mem'
INFO: [SIM-utils-43] Exported 'C:/Users/mertc/Desktop/BLG222E-Project2/BLG-Project1/BLG-Project1.sim/sim_1/behav/xsim/TestBench.mem'
INFO: [SIM-utils-43] Exported 'C:/Users/mertc/Desktop/BLG222E-Project2/BLG-Project1/BLG-Project1.sim/sim_1/behav/xsim/TestBench.mem'
INFO: [SIM-utils-43] Exported 'C:/Users/mertc/Desktop/BLG222E-Project2/BLG-Project1/BLG-Project1.sim/sim_1/behav/xsim/TestBench.mem'
INFO: [SIM-utils-43] Exported 'C:/Users/mertc/Desktop/BLG222E-Project2/BLG-Project1/BLG-Project1.sim/sim_1/behav/xsim/TestBench.mem'
INFO: [USF-XSim-97] Finding global include files...
INFO: [USF-XSim-98] Fetching design files from 'sim_1'...
INFO: [USF-XSim-2] XSim::Compile design
INFO: [USF-XSim-61] Executing 'COMPILE and ANALYZE' step in 'C:/Users/mertc/Desktop/BLG222E-Project2/BLG-Project1/BLG-Project1.sim/sim_1/behav/xsim'
"xvlog --incr --relax -prj lasttest_vlog.prj"
INFO: [VRFC 10-2263] Analyzing Verilog file "C:/Users/mertc/Desktop/BLG222E-Project2/BLG-Project1/BLG-Project1.srcs/sources_1/new/designs.v" into library xil_defaultlib
INFO: [VRFC 10-311] analyzing module D_Latch
INFO: [VRFC 10-311] analyzing module D_Flip_Flop
INFO: [VRFC 10-311] analyzing module MUX2_1_4bit
INFO: [VRFC 10-311] analyzing module MUX2_1_8bit
INFO: [VRFC 10-311] analyzing module MUX4_1_8bit
INFO: [VRFC 10-311] analyzing module MUX16_4_8bit
INFO: [VRFC 10-311] analyzing module MUX2_1_16bit
INFO: [VRFC 10-311] analyzing module MUX2_1_1bit
INFO: [VRFC 10-311] analyzing module Full_Adder_1bit
INFO: [VRFC 10-311] analyzing module Adder_Substractor_4bit
INFO: [VRFC 10-311] analyzing module Adder_Substractor_8bit
INFO: [VRFC 10-311] analyzing module Adder_Substractor_16bit
INFO: [VRFC 10-311] analyzing module ZCNO_register
INFO: [VRFC 10-311] analyzing module PART1_8bit
INFO: [VRFC 10-311] analyzing module PART1_16bit
INFO: [VRFC 10-311] analyzing module PART2_a
INFO: [VRFC 10-311] analyzing module PART2_b
INFO: [VRFC 10-311] analyzing module PART2_c
INFO: [VRFC 10-311] analyzing module PART3
INFO: [VRFC 10-311] analyzing module Memory
INFO: [VRFC 10-311] analyzing module ALUSystem
INFO: [VRFC 10-311] analyzing module HardwiredControlUnit
INFO: [VRFC 10-2263] Analyzing Verilog file "C:/Users/mertc/Desktop/BLG222E-Project2/BLG-Project1/BLG-Project1.srcs/sim_1/new/simulations.v" into library xil_defaultlib
INFO: [VRFC 10-311] analyzing module part1_8bit_test
INFO: [VRFC 10-311] analyzing module part1_16bit_test
INFO: [VRFC 10-311] analyzing module PART2_a_test
INFO: [VRFC 10-311] analyzing module PART2_b_test
INFO: [VRFC 10-311] analyzing module PART2_c_test
INFO: [VRFC 10-311] analyzing module PART3_test
INFO: [VRFC 10-311] analyzing module Project1Test
INFO: [VRFC 10-311] analyzing module lasttest
INFO: [USF-XSim-69] 'compile' step finished in '1' seconds
INFO: [USF-XSim-3] XSim::Elaborate design
INFO: [USF-XSim-61] Executing 'ELABORATE' step in 'C:/Users/mertc/Desktop/BLG222E-Project2/BLG-Project1/BLG-Project1.sim/sim_1/behav/xsim'
Vivado Simulator 2017.4
Copyright 1986-1999, 2001-2016 Xilinx, Inc. All Rights Reserved.
Running: D:/Vivado/2017.4/bin/unwrapped/win64.o/xelab.exe -wto f97be7fe3a3244819be057ad0ade57cb --incr --debug typical --relax --mt 2 -L xil_defaultlib -L unisims_ver -L unimacro_ver -L secureip --snapshot lasttest_behav xil_defaultlib.lasttest xil_defaultlib.glbl -log elaborate.log 
Using 2 slave threads.
Starting static elaboration
Completed static elaboration
Starting simulation data flow analysis
Completed simulation data flow analysis
Time Resolution for simulation is 1ps
Compiling module xil_defaultlib.MUX2_1_8bit
Compiling module xil_defaultlib.Full_Adder_1bit
Compiling module xil_defaultlib.Adder_Substractor_8bit
Compiling module xil_defaultlib.D_Latch
Compiling module xil_defaultlib.D_Flip_Flop
Compiling module xil_defaultlib.PART1_8bit
Compiling module xil_defaultlib.MUX4_1_8bit
Compiling module xil_defaultlib.PART2_a
Compiling module xil_defaultlib.PART2_b
Compiling module xil_defaultlib.Memory
Compiling module xil_defaultlib.MUX2_1_16bit
Compiling module xil_defaultlib.Adder_Substractor_16bit
Compiling module xil_defaultlib.PART1_16bit
Compiling module xil_defaultlib.PART2_c
Compiling module xil_defaultlib.MUX2_1_1bit
Compiling module xil_defaultlib.MUX16_4_8bit
Compiling module xil_defaultlib.MUX2_1_4bit
Compiling module xil_defaultlib.Adder_Substractor_4bit
Compiling module xil_defaultlib.ZCNO_register
Compiling module xil_defaultlib.PART3
Compiling module xil_defaultlib.ALUSystem
Compiling module xil_defaultlib.HardwiredControlUnit
Compiling module xil_defaultlib.lasttest
Compiling module xil_defaultlib.glbl
Built simulation snapshot lasttest_behav
INFO: [USF-XSim-69] 'elaborate' step finished in '2' seconds
INFO: [USF-XSim-4] XSim::Simulate design
INFO: [USF-XSim-61] Executing 'SIMULATE' step in 'C:/Users/mertc/Desktop/BLG222E-Project2/BLG-Project1/BLG-Project1.sim/sim_1/behav/xsim'
INFO: [USF-XSim-98] *** Running xsim
   with args "lasttest_behav -key {Behavioral:sim_1:Functional:lasttest} -tclbatch {lasttest.tcl} -log {simulate.log}"
INFO: [USF-XSim-8] Loading simulator feature
Vivado Simulator 2017.4
Time resolution is 1 ps
source lasttest.tcl
# set curr_wave [current_wave_config]
# if { [string length $curr_wave] == 0 } {
#   if { [llength [get_objects]] > 0} {
#     add_wave /
#     set_property needs_save false [current_wave_config]
#   } else {
#      send_msg_id Add_Wave-1 WARNING "No top level signals found. Simulator will start without a wave window. If you want to open a wave window go to 'File->New Waveform Configuration' or type 'create_wave_config' in the TCL console."
#   }
# }
# run 1000ns
INFO: [USF-XSim-96] XSim completed. Design snapshot 'lasttest_behav' loaded.
INFO: [USF-XSim-97] XSim simulation ran for 1000ns
restart
INFO: [Simtcl 6-17] Simulation restarted
run 5 ns
run 5 ns
run 5 ns
run 5 ns
close_sim
INFO: [Simtcl 6-16] Simulation closed
exit
INFO: [Common 17-206] Exiting Vivado at Sat May 21 03:20:32 2022...
