#-----------------------------------------------------------
# Vivado v2017.4 (64-bit)
# SW Build 2086221 on Fri Dec 15 20:55:39 MST 2017
# IP Build 2085800 on Fri Dec 15 22:25:07 MST 2017
# Start of session at: Mon May 23 15:31:57 2022
# Process ID: 11988
# Current directory: C:/Users/CCT/Desktop/Homeworks/BLG222E-Project2/BLG-Project1
# Command line: vivado.exe -gui_launcher_event rodinguilauncherevent14148 C:\Users\CCT\Desktop\Homeworks\BLG222E-Project2\BLG-Project1\BLG-Project1.xpr
# Log file: C:/Users/CCT/Desktop/Homeworks/BLG222E-Project2/BLG-Project1/vivado.log
# Journal file: C:/Users/CCT/Desktop/Homeworks/BLG222E-Project2/BLG-Project1\vivado.jou
#-----------------------------------------------------------
start_gui
open_project C:/Users/CCT/Desktop/Homeworks/BLG222E-Project2/BLG-Project1/BLG-Project1.xpr
INFO: [Project 1-313] Project file moved from 'C:/Users/mertc/Desktop/BLG222E-Project2/BLG-Project1' since last save.
Scanning sources...
Finished scanning sources
INFO: [IP_Flow 19-234] Refreshing IP repositories
INFO: [IP_Flow 19-1704] No user IP repositories specified
INFO: [IP_Flow 19-2313] Loaded Vivado IP repository 'C:/Xilinx_LogicLab/Vivado/2017.4/data/ip'.
update_compile_order -fileset sources_1
exit
INFO: [Common 17-206] Exiting Vivado at Mon May 23 16:25:08 2022...
